Determining if the pthread_create exist failed with the following output:
Change Dir: /home/quest/uastar/build/CMakeFiles/CMakeTmp

Run Build Command:"/usr/bin/gmake" "cmTC_9f10c/fast"
/usr/bin/gmake -f CMakeFiles/cmTC_9f10c.dir/build.make CMakeFiles/cmTC_9f10c.dir/build
gmake[1]: Entering directory '/home/quest/uastar/build/CMakeFiles/CMakeTmp'
Building C object CMakeFiles/cmTC_9f10c.dir/CheckSymbolExists.c.o
/opt/spack/opt/spack/linux-centos8-broadwell/gcc-9.2.0/gcc-6.5.0-vgnjfb4guymlhgjq5ckevgz7qpimvci7/bin/gcc   -fPIC    -o CMakeFiles/cmTC_9f10c.dir/CheckSymbolExists.c.o   -c /home/quest/uastar/build/CMakeFiles/CMakeTmp/CheckSymbolExists.c
Linking C executable cmTC_9f10c
/usr/bin/cmake -E cmake_link_script CMakeFiles/cmTC_9f10c.dir/link.txt --verbose=1
/opt/spack/opt/spack/linux-centos8-broadwell/gcc-9.2.0/gcc-6.5.0-vgnjfb4guymlhgjq5ckevgz7qpimvci7/bin/gcc -fPIC     -rdynamic CMakeFiles/cmTC_9f10c.dir/CheckSymbolExists.c.o  -o cmTC_9f10c 
CMakeFiles/cmTC_9f10c.dir/CheckSymbolExists.c.o: In function `main':
CheckSymbolExists.c:(.text+0x1b): undefined reference to `pthread_create'
collect2: error: ld returned 1 exit status
gmake[1]: *** [CMakeFiles/cmTC_9f10c.dir/build.make:87: cmTC_9f10c] Error 1
gmake[1]: Leaving directory '/home/quest/uastar/build/CMakeFiles/CMakeTmp'
gmake: *** [Makefile:126: cmTC_9f10c/fast] Error 2

File /home/quest/uastar/build/CMakeFiles/CMakeTmp/CheckSymbolExists.c:
/* */
#include <pthread.h>

int main(int argc, char** argv)
{
  (void)argv;
#ifndef pthread_create
  return ((int*)(&pthread_create))[argc];
#else
  (void)argc;
  return 0;
#endif
}

Determining if the function pthread_create exists in the pthreads failed with the following output:
Change Dir: /home/quest/uastar/build/CMakeFiles/CMakeTmp

Run Build Command:"/usr/bin/gmake" "cmTC_7c1eb/fast"
/usr/bin/gmake -f CMakeFiles/cmTC_7c1eb.dir/build.make CMakeFiles/cmTC_7c1eb.dir/build
gmake[1]: Entering directory '/home/quest/uastar/build/CMakeFiles/CMakeTmp'
Building C object CMakeFiles/cmTC_7c1eb.dir/CheckFunctionExists.c.o
/opt/spack/opt/spack/linux-centos8-broadwell/gcc-9.2.0/gcc-6.5.0-vgnjfb4guymlhgjq5ckevgz7qpimvci7/bin/gcc   -fPIC -DCHECK_FUNCTION_EXISTS=pthread_create   -o CMakeFiles/cmTC_7c1eb.dir/CheckFunctionExists.c.o   -c /usr/share/cmake/Modules/CheckFunctionExists.c
Linking C executable cmTC_7c1eb
/usr/bin/cmake -E cmake_link_script CMakeFiles/cmTC_7c1eb.dir/link.txt --verbose=1
/opt/spack/opt/spack/linux-centos8-broadwell/gcc-9.2.0/gcc-6.5.0-vgnjfb4guymlhgjq5ckevgz7qpimvci7/bin/gcc -fPIC -DCHECK_FUNCTION_EXISTS=pthread_create    -rdynamic CMakeFiles/cmTC_7c1eb.dir/CheckFunctionExists.c.o  -o cmTC_7c1eb -lpthreads 
/usr/bin/ld: cannot find -lpthreads
collect2: error: ld returned 1 exit status
gmake[1]: *** [CMakeFiles/cmTC_7c1eb.dir/build.make:87: cmTC_7c1eb] Error 1
gmake[1]: Leaving directory '/home/quest/uastar/build/CMakeFiles/CMakeTmp'
gmake: *** [Makefile:126: cmTC_7c1eb/fast] Error 2


