The system is: Linux - 4.18.0-80.el8.x86_64 - x86_64
Compiling the C compiler identification source file "CMakeCCompilerId.c" succeeded.
Compiler: /opt/spack/opt/spack/linux-centos8-broadwell/gcc-9.2.0/gcc-6.5.0-vgnjfb4guymlhgjq5ckevgz7qpimvci7/bin/gcc 
Build flags: 
Id flags:  

The output was:
0


Compilation of the C compiler identification source "CMakeCCompilerId.c" produced "a.out"

The C compiler identification is GNU, found in "/home/quest/uastar/build/CMakeFiles/3.11.4/CompilerIdC/a.out"

Compiling the CXX compiler identification source file "CMakeCXXCompilerId.cpp" succeeded.
Compiler: /opt/spack/opt/spack/linux-centos8-broadwell/gcc-9.2.0/gcc-6.5.0-vgnjfb4guymlhgjq5ckevgz7qpimvci7/bin/g++ 
Build flags: 
Id flags:  

The output was:
0


Compilation of the CXX compiler identification source "CMakeCXXCompilerId.cpp" produced "a.out"

The CXX compiler identification is GNU, found in "/home/quest/uastar/build/CMakeFiles/3.11.4/CompilerIdCXX/a.out"

Determining if the C compiler works passed with the following output:
Change Dir: /home/quest/uastar/build/CMakeFiles/CMakeTmp

Run Build Command:"/usr/bin/gmake" "cmTC_dedc6/fast"
/usr/bin/gmake -f CMakeFiles/cmTC_dedc6.dir/build.make CMakeFiles/cmTC_dedc6.dir/build
gmake[1]: Entering directory '/home/quest/uastar/build/CMakeFiles/CMakeTmp'
Building C object CMakeFiles/cmTC_dedc6.dir/testCCompiler.c.o
/opt/spack/opt/spack/linux-centos8-broadwell/gcc-9.2.0/gcc-6.5.0-vgnjfb4guymlhgjq5ckevgz7qpimvci7/bin/gcc    -o CMakeFiles/cmTC_dedc6.dir/testCCompiler.c.o   -c /home/quest/uastar/build/CMakeFiles/CMakeTmp/testCCompiler.c
Linking C executable cmTC_dedc6
/usr/bin/cmake -E cmake_link_script CMakeFiles/cmTC_dedc6.dir/link.txt --verbose=1
/opt/spack/opt/spack/linux-centos8-broadwell/gcc-9.2.0/gcc-6.5.0-vgnjfb4guymlhgjq5ckevgz7qpimvci7/bin/gcc      -rdynamic CMakeFiles/cmTC_dedc6.dir/testCCompiler.c.o  -o cmTC_dedc6 
gmake[1]: Leaving directory '/home/quest/uastar/build/CMakeFiles/CMakeTmp'


Detecting C compiler ABI info compiled with the following output:
Change Dir: /home/quest/uastar/build/CMakeFiles/CMakeTmp

Run Build Command:"/usr/bin/gmake" "cmTC_5a2d5/fast"
/usr/bin/gmake -f CMakeFiles/cmTC_5a2d5.dir/build.make CMakeFiles/cmTC_5a2d5.dir/build
gmake[1]: Entering directory '/home/quest/uastar/build/CMakeFiles/CMakeTmp'
Building C object CMakeFiles/cmTC_5a2d5.dir/CMakeCCompilerABI.c.o
/opt/spack/opt/spack/linux-centos8-broadwell/gcc-9.2.0/gcc-6.5.0-vgnjfb4guymlhgjq5ckevgz7qpimvci7/bin/gcc    -o CMakeFiles/cmTC_5a2d5.dir/CMakeCCompilerABI.c.o   -c /usr/share/cmake/Modules/CMakeCCompilerABI.c
Linking C executable cmTC_5a2d5
/usr/bin/cmake -E cmake_link_script CMakeFiles/cmTC_5a2d5.dir/link.txt --verbose=1
/opt/spack/opt/spack/linux-centos8-broadwell/gcc-9.2.0/gcc-6.5.0-vgnjfb4guymlhgjq5ckevgz7qpimvci7/bin/gcc     -v -rdynamic CMakeFiles/cmTC_5a2d5.dir/CMakeCCompilerABI.c.o  -o cmTC_5a2d5 
Reading specs from /opt/spack/opt/spack/linux-centos8-broadwell/gcc-9.2.0/gcc-6.5.0-vgnjfb4guymlhgjq5ckevgz7qpimvci7/lib/gcc/x86_64-pc-linux-gnu/6.5.0/specs
COLLECT_GCC=/opt/spack/opt/spack/linux-centos8-broadwell/gcc-9.2.0/gcc-6.5.0-vgnjfb4guymlhgjq5ckevgz7qpimvci7/bin/gcc
COLLECT_LTO_WRAPPER=/opt/spack/opt/spack/linux-centos8-broadwell/gcc-9.2.0/gcc-6.5.0-vgnjfb4guymlhgjq5ckevgz7qpimvci7/libexec/gcc/x86_64-pc-linux-gnu/6.5.0/lto-wrapper
Target: x86_64-pc-linux-gnu
Configured with: /tmp/root/spack-stage/spack-stage-gcc-6.5.0-vgnjfb4guymlhgjq5ckevgz7qpimvci7/spack-src/configure --prefix=/opt/spack/opt/spack/linux-centos8-broadwell/gcc-9.2.0/gcc-6.5.0-vgnjfb4guymlhgjq5ckevgz7qpimvci7 --with-pkgversion='Spack GCC' --with-bugurl=https://github.com/spack/spack/issues --disable-multilib --enable-languages=c,c++,fortran --disable-nls --with-mpfr=/opt/spack/opt/spack/linux-centos8-broadwell/gcc-9.2.0/mpfr-3.1.6-2uu67ul7oja7tnsbykwoajw5nqz76tny --with-gmp=/opt/spack/opt/spack/linux-centos8-broadwell/gcc-9.2.0/gmp-6.1.2-lvufc7q6qhgjc5rfcvk7qlt4k6obnyw5 --with-system-zlib --with-mpc=/opt/spack/opt/spack/linux-centos8-broadwell/gcc-9.2.0/mpc-1.1.0-2ojoq7tgdcanyer6klowprwfnkchv7ie --with-isl=/opt/spack/opt/spack/linux-centos8-broadwell/gcc-9.2.0/isl-0.18-i77cnrudz5it47il3njgd43eyadkkzd4
Thread model: posix
gcc version 6.5.0 (Spack GCC) 
COMPILER_PATH=/opt/spack/opt/spack/linux-centos8-broadwell/gcc-9.2.0/gcc-6.5.0-vgnjfb4guymlhgjq5ckevgz7qpimvci7/libexec/gcc/x86_64-pc-linux-gnu/6.5.0/:/opt/spack/opt/spack/linux-centos8-broadwell/gcc-9.2.0/gcc-6.5.0-vgnjfb4guymlhgjq5ckevgz7qpimvci7/libexec/gcc/x86_64-pc-linux-gnu/6.5.0/:/opt/spack/opt/spack/linux-centos8-broadwell/gcc-9.2.0/gcc-6.5.0-vgnjfb4guymlhgjq5ckevgz7qpimvci7/libexec/gcc/x86_64-pc-linux-gnu/:/opt/spack/opt/spack/linux-centos8-broadwell/gcc-9.2.0/gcc-6.5.0-vgnjfb4guymlhgjq5ckevgz7qpimvci7/lib/gcc/x86_64-pc-linux-gnu/6.5.0/:/opt/spack/opt/spack/linux-centos8-broadwell/gcc-9.2.0/gcc-6.5.0-vgnjfb4guymlhgjq5ckevgz7qpimvci7/lib/gcc/x86_64-pc-linux-gnu/
LIBRARY_PATH=/opt/spack/opt/spack/linux-centos8-broadwell/gcc-9.2.0/gcc-6.5.0-vgnjfb4guymlhgjq5ckevgz7qpimvci7/lib64/../lib64/:/opt/spack/opt/spack/linux-centos8-broadwell/gcc-9.2.0/gcc-6.5.0-vgnjfb4guymlhgjq5ckevgz7qpimvci7/lib/../lib64/:/opt/spack/opt/spack/linux-centos8-broadwell/gcc-9.2.0/gcc-6.5.0-vgnjfb4guymlhgjq5ckevgz7qpimvci7/lib/gcc/x86_64-pc-linux-gnu/6.5.0/:/opt/spack/opt/spack/linux-centos8-broadwell/gcc-9.2.0/gcc-6.5.0-vgnjfb4guymlhgjq5ckevgz7qpimvci7/lib/gcc/x86_64-pc-linux-gnu/6.5.0/../../../../lib64/:/lib/../lib64/:/usr/lib/../lib64/:/opt/spack/opt/spack/linux-centos8-broadwell/gcc-9.2.0/gcc-6.5.0-vgnjfb4guymlhgjq5ckevgz7qpimvci7/lib64/:/opt/spack/opt/spack/linux-centos8-broadwell/gcc-9.2.0/gcc-6.5.0-vgnjfb4guymlhgjq5ckevgz7qpimvci7/lib/:/opt/spack/opt/spack/linux-centos8-broadwell/gcc-9.2.0/gcc-6.5.0-vgnjfb4guymlhgjq5ckevgz7qpimvci7/lib/gcc/x86_64-pc-linux-gnu/6.5.0/../../../:/lib/:/usr/lib/
COLLECT_GCC_OPTIONS='-v' '-rdynamic' '-o' 'cmTC_5a2d5' '-mtune=generic' '-march=x86-64'
 /opt/spack/opt/spack/linux-centos8-broadwell/gcc-9.2.0/gcc-6.5.0-vgnjfb4guymlhgjq5ckevgz7qpimvci7/libexec/gcc/x86_64-pc-linux-gnu/6.5.0/collect2 -plugin /opt/spack/opt/spack/linux-centos8-broadwell/gcc-9.2.0/gcc-6.5.0-vgnjfb4guymlhgjq5ckevgz7qpimvci7/libexec/gcc/x86_64-pc-linux-gnu/6.5.0/liblto_plugin.so -plugin-opt=/opt/spack/opt/spack/linux-centos8-broadwell/gcc-9.2.0/gcc-6.5.0-vgnjfb4guymlhgjq5ckevgz7qpimvci7/libexec/gcc/x86_64-pc-linux-gnu/6.5.0/lto-wrapper -plugin-opt=-fresolution=/tmp/ccHvZoSF.res -plugin-opt=-pass-through=-lgcc -plugin-opt=-pass-through=-lgcc_s -plugin-opt=-pass-through=-lc -plugin-opt=-pass-through=-lgcc -plugin-opt=-pass-through=-lgcc_s -rpath /opt/spack/opt/spack/linux-centos8-broadwell/gcc-9.2.0/gcc-6.5.0-vgnjfb4guymlhgjq5ckevgz7qpimvci7/lib:/opt/spack/opt/spack/linux-centos8-broadwell/gcc-9.2.0/gcc-6.5.0-vgnjfb4guymlhgjq5ckevgz7qpimvci7/lib64 --eh-frame-hdr -m elf_x86_64 -export-dynamic -dynamic-linker /lib64/ld-linux-x86-64.so.2 -o cmTC_5a2d5 /lib/../lib64/crt1.o /lib/../lib64/crti.o /opt/spack/opt/spack/linux-centos8-broadwell/gcc-9.2.0/gcc-6.5.0-vgnjfb4guymlhgjq5ckevgz7qpimvci7/lib/gcc/x86_64-pc-linux-gnu/6.5.0/crtbegin.o -L/opt/spack/opt/spack/linux-centos8-broadwell/gcc-9.2.0/gcc-6.5.0-vgnjfb4guymlhgjq5ckevgz7qpimvci7/lib64/../lib64 -L/opt/spack/opt/spack/linux-centos8-broadwell/gcc-9.2.0/gcc-6.5.0-vgnjfb4guymlhgjq5ckevgz7qpimvci7/lib/../lib64 -L/opt/spack/opt/spack/linux-centos8-broadwell/gcc-9.2.0/gcc-6.5.0-vgnjfb4guymlhgjq5ckevgz7qpimvci7/lib/gcc/x86_64-pc-linux-gnu/6.5.0 -L/opt/spack/opt/spack/linux-centos8-broadwell/gcc-9.2.0/gcc-6.5.0-vgnjfb4guymlhgjq5ckevgz7qpimvci7/lib/gcc/x86_64-pc-linux-gnu/6.5.0/../../../../lib64 -L/lib/../lib64 -L/usr/lib/../lib64 -L/opt/spack/opt/spack/linux-centos8-broadwell/gcc-9.2.0/gcc-6.5.0-vgnjfb4guymlhgjq5ckevgz7qpimvci7/lib64 -L/opt/spack/opt/spack/linux-centos8-broadwell/gcc-9.2.0/gcc-6.5.0-vgnjfb4guymlhgjq5ckevgz7qpimvci7/lib -L/opt/spack/opt/spack/linux-centos8-broadwell/gcc-9.2.0/gcc-6.5.0-vgnjfb4guymlhgjq5ckevgz7qpimvci7/lib/gcc/x86_64-pc-linux-gnu/6.5.0/../../.. CMakeFiles/cmTC_5a2d5.dir/CMakeCCompilerABI.c.o -lgcc --as-needed -lgcc_s --no-as-needed -lc -lgcc --as-needed -lgcc_s --no-as-needed /opt/spack/opt/spack/linux-centos8-broadwell/gcc-9.2.0/gcc-6.5.0-vgnjfb4guymlhgjq5ckevgz7qpimvci7/lib/gcc/x86_64-pc-linux-gnu/6.5.0/crtend.o /lib/../lib64/crtn.o
COLLECT_GCC_OPTIONS='-v' '-rdynamic' '-o' 'cmTC_5a2d5' '-mtune=generic' '-march=x86-64'
gmake[1]: Leaving directory '/home/quest/uastar/build/CMakeFiles/CMakeTmp'


Parsed C implicit link information from above output:
  link line regex: [^( *|.*[/\])(ld|CMAKE_LINK_STARTFILE-NOTFOUND|([^/\]+-)?ld|collect2)[^/\]*( |$)]
  ignore line: [Change Dir: /home/quest/uastar/build/CMakeFiles/CMakeTmp]
  ignore line: []
  ignore line: [Run Build Command:"/usr/bin/gmake" "cmTC_5a2d5/fast"]
  ignore line: [/usr/bin/gmake -f CMakeFiles/cmTC_5a2d5.dir/build.make CMakeFiles/cmTC_5a2d5.dir/build]
  ignore line: [gmake[1]: Entering directory '/home/quest/uastar/build/CMakeFiles/CMakeTmp']
  ignore line: [Building C object CMakeFiles/cmTC_5a2d5.dir/CMakeCCompilerABI.c.o]
  ignore line: [/opt/spack/opt/spack/linux-centos8-broadwell/gcc-9.2.0/gcc-6.5.0-vgnjfb4guymlhgjq5ckevgz7qpimvci7/bin/gcc    -o CMakeFiles/cmTC_5a2d5.dir/CMakeCCompilerABI.c.o   -c /usr/share/cmake/Modules/CMakeCCompilerABI.c]
  ignore line: [Linking C executable cmTC_5a2d5]
  ignore line: [/usr/bin/cmake -E cmake_link_script CMakeFiles/cmTC_5a2d5.dir/link.txt --verbose=1]
  ignore line: [/opt/spack/opt/spack/linux-centos8-broadwell/gcc-9.2.0/gcc-6.5.0-vgnjfb4guymlhgjq5ckevgz7qpimvci7/bin/gcc     -v -rdynamic CMakeFiles/cmTC_5a2d5.dir/CMakeCCompilerABI.c.o  -o cmTC_5a2d5 ]
  ignore line: [Reading specs from /opt/spack/opt/spack/linux-centos8-broadwell/gcc-9.2.0/gcc-6.5.0-vgnjfb4guymlhgjq5ckevgz7qpimvci7/lib/gcc/x86_64-pc-linux-gnu/6.5.0/specs]
  ignore line: [COLLECT_GCC=/opt/spack/opt/spack/linux-centos8-broadwell/gcc-9.2.0/gcc-6.5.0-vgnjfb4guymlhgjq5ckevgz7qpimvci7/bin/gcc]
  ignore line: [COLLECT_LTO_WRAPPER=/opt/spack/opt/spack/linux-centos8-broadwell/gcc-9.2.0/gcc-6.5.0-vgnjfb4guymlhgjq5ckevgz7qpimvci7/libexec/gcc/x86_64-pc-linux-gnu/6.5.0/lto-wrapper]
  ignore line: [Target: x86_64-pc-linux-gnu]
  ignore line: [Configured with: /tmp/root/spack-stage/spack-stage-gcc-6.5.0-vgnjfb4guymlhgjq5ckevgz7qpimvci7/spack-src/configure --prefix=/opt/spack/opt/spack/linux-centos8-broadwell/gcc-9.2.0/gcc-6.5.0-vgnjfb4guymlhgjq5ckevgz7qpimvci7 --with-pkgversion='Spack GCC' --with-bugurl=https://github.com/spack/spack/issues --disable-multilib --enable-languages=c,c++,fortran --disable-nls --with-mpfr=/opt/spack/opt/spack/linux-centos8-broadwell/gcc-9.2.0/mpfr-3.1.6-2uu67ul7oja7tnsbykwoajw5nqz76tny --with-gmp=/opt/spack/opt/spack/linux-centos8-broadwell/gcc-9.2.0/gmp-6.1.2-lvufc7q6qhgjc5rfcvk7qlt4k6obnyw5 --with-system-zlib --with-mpc=/opt/spack/opt/spack/linux-centos8-broadwell/gcc-9.2.0/mpc-1.1.0-2ojoq7tgdcanyer6klowprwfnkchv7ie --with-isl=/opt/spack/opt/spack/linux-centos8-broadwell/gcc-9.2.0/isl-0.18-i77cnrudz5it47il3njgd43eyadkkzd4]
  ignore line: [Thread model: posix]
  ignore line: [gcc version 6.5.0 (Spack GCC) ]
  ignore line: [COMPILER_PATH=/opt/spack/opt/spack/linux-centos8-broadwell/gcc-9.2.0/gcc-6.5.0-vgnjfb4guymlhgjq5ckevgz7qpimvci7/libexec/gcc/x86_64-pc-linux-gnu/6.5.0/:/opt/spack/opt/spack/linux-centos8-broadwell/gcc-9.2.0/gcc-6.5.0-vgnjfb4guymlhgjq5ckevgz7qpimvci7/libexec/gcc/x86_64-pc-linux-gnu/6.5.0/:/opt/spack/opt/spack/linux-centos8-broadwell/gcc-9.2.0/gcc-6.5.0-vgnjfb4guymlhgjq5ckevgz7qpimvci7/libexec/gcc/x86_64-pc-linux-gnu/:/opt/spack/opt/spack/linux-centos8-broadwell/gcc-9.2.0/gcc-6.5.0-vgnjfb4guymlhgjq5ckevgz7qpimvci7/lib/gcc/x86_64-pc-linux-gnu/6.5.0/:/opt/spack/opt/spack/linux-centos8-broadwell/gcc-9.2.0/gcc-6.5.0-vgnjfb4guymlhgjq5ckevgz7qpimvci7/lib/gcc/x86_64-pc-linux-gnu/]
  ignore line: [LIBRARY_PATH=/opt/spack/opt/spack/linux-centos8-broadwell/gcc-9.2.0/gcc-6.5.0-vgnjfb4guymlhgjq5ckevgz7qpimvci7/lib64/../lib64/:/opt/spack/opt/spack/linux-centos8-broadwell/gcc-9.2.0/gcc-6.5.0-vgnjfb4guymlhgjq5ckevgz7qpimvci7/lib/../lib64/:/opt/spack/opt/spack/linux-centos8-broadwell/gcc-9.2.0/gcc-6.5.0-vgnjfb4guymlhgjq5ckevgz7qpimvci7/lib/gcc/x86_64-pc-linux-gnu/6.5.0/:/opt/spack/opt/spack/linux-centos8-broadwell/gcc-9.2.0/gcc-6.5.0-vgnjfb4guymlhgjq5ckevgz7qpimvci7/lib/gcc/x86_64-pc-linux-gnu/6.5.0/../../../../lib64/:/lib/../lib64/:/usr/lib/../lib64/:/opt/spack/opt/spack/linux-centos8-broadwell/gcc-9.2.0/gcc-6.5.0-vgnjfb4guymlhgjq5ckevgz7qpimvci7/lib64/:/opt/spack/opt/spack/linux-centos8-broadwell/gcc-9.2.0/gcc-6.5.0-vgnjfb4guymlhgjq5ckevgz7qpimvci7/lib/:/opt/spack/opt/spack/linux-centos8-broadwell/gcc-9.2.0/gcc-6.5.0-vgnjfb4guymlhgjq5ckevgz7qpimvci7/lib/gcc/x86_64-pc-linux-gnu/6.5.0/../../../:/lib/:/usr/lib/]
  ignore line: [COLLECT_GCC_OPTIONS='-v' '-rdynamic' '-o' 'cmTC_5a2d5' '-mtune=generic' '-march=x86-64']
  link line: [ /opt/spack/opt/spack/linux-centos8-broadwell/gcc-9.2.0/gcc-6.5.0-vgnjfb4guymlhgjq5ckevgz7qpimvci7/libexec/gcc/x86_64-pc-linux-gnu/6.5.0/collect2 -plugin /opt/spack/opt/spack/linux-centos8-broadwell/gcc-9.2.0/gcc-6.5.0-vgnjfb4guymlhgjq5ckevgz7qpimvci7/libexec/gcc/x86_64-pc-linux-gnu/6.5.0/liblto_plugin.so -plugin-opt=/opt/spack/opt/spack/linux-centos8-broadwell/gcc-9.2.0/gcc-6.5.0-vgnjfb4guymlhgjq5ckevgz7qpimvci7/libexec/gcc/x86_64-pc-linux-gnu/6.5.0/lto-wrapper -plugin-opt=-fresolution=/tmp/ccHvZoSF.res -plugin-opt=-pass-through=-lgcc -plugin-opt=-pass-through=-lgcc_s -plugin-opt=-pass-through=-lc -plugin-opt=-pass-through=-lgcc -plugin-opt=-pass-through=-lgcc_s -rpath /opt/spack/opt/spack/linux-centos8-broadwell/gcc-9.2.0/gcc-6.5.0-vgnjfb4guymlhgjq5ckevgz7qpimvci7/lib:/opt/spack/opt/spack/linux-centos8-broadwell/gcc-9.2.0/gcc-6.5.0-vgnjfb4guymlhgjq5ckevgz7qpimvci7/lib64 --eh-frame-hdr -m elf_x86_64 -export-dynamic -dynamic-linker /lib64/ld-linux-x86-64.so.2 -o cmTC_5a2d5 /lib/../lib64/crt1.o /lib/../lib64/crti.o /opt/spack/opt/spack/linux-centos8-broadwell/gcc-9.2.0/gcc-6.5.0-vgnjfb4guymlhgjq5ckevgz7qpimvci7/lib/gcc/x86_64-pc-linux-gnu/6.5.0/crtbegin.o -L/opt/spack/opt/spack/linux-centos8-broadwell/gcc-9.2.0/gcc-6.5.0-vgnjfb4guymlhgjq5ckevgz7qpimvci7/lib64/../lib64 -L/opt/spack/opt/spack/linux-centos8-broadwell/gcc-9.2.0/gcc-6.5.0-vgnjfb4guymlhgjq5ckevgz7qpimvci7/lib/../lib64 -L/opt/spack/opt/spack/linux-centos8-broadwell/gcc-9.2.0/gcc-6.5.0-vgnjfb4guymlhgjq5ckevgz7qpimvci7/lib/gcc/x86_64-pc-linux-gnu/6.5.0 -L/opt/spack/opt/spack/linux-centos8-broadwell/gcc-9.2.0/gcc-6.5.0-vgnjfb4guymlhgjq5ckevgz7qpimvci7/lib/gcc/x86_64-pc-linux-gnu/6.5.0/../../../../lib64 -L/lib/../lib64 -L/usr/lib/../lib64 -L/opt/spack/opt/spack/linux-centos8-broadwell/gcc-9.2.0/gcc-6.5.0-vgnjfb4guymlhgjq5ckevgz7qpimvci7/lib64 -L/opt/spack/opt/spack/linux-centos8-broadwell/gcc-9.2.0/gcc-6.5.0-vgnjfb4guymlhgjq5ckevgz7qpimvci7/lib -L/opt/spack/opt/spack/linux-centos8-broadwell/gcc-9.2.0/gcc-6.5.0-vgnjfb4guymlhgjq5ckevgz7qpimvci7/lib/gcc/x86_64-pc-linux-gnu/6.5.0/../../.. CMakeFiles/cmTC_5a2d5.dir/CMakeCCompilerABI.c.o -lgcc --as-needed -lgcc_s --no-as-needed -lc -lgcc --as-needed -lgcc_s --no-as-needed /opt/spack/opt/spack/linux-centos8-broadwell/gcc-9.2.0/gcc-6.5.0-vgnjfb4guymlhgjq5ckevgz7qpimvci7/lib/gcc/x86_64-pc-linux-gnu/6.5.0/crtend.o /lib/../lib64/crtn.o]
    arg [/opt/spack/opt/spack/linux-centos8-broadwell/gcc-9.2.0/gcc-6.5.0-vgnjfb4guymlhgjq5ckevgz7qpimvci7/libexec/gcc/x86_64-pc-linux-gnu/6.5.0/collect2] ==> ignore
    arg [-plugin] ==> ignore
    arg [/opt/spack/opt/spack/linux-centos8-broadwell/gcc-9.2.0/gcc-6.5.0-vgnjfb4guymlhgjq5ckevgz7qpimvci7/libexec/gcc/x86_64-pc-linux-gnu/6.5.0/liblto_plugin.so] ==> ignore
    arg [-plugin-opt=/opt/spack/opt/spack/linux-centos8-broadwell/gcc-9.2.0/gcc-6.5.0-vgnjfb4guymlhgjq5ckevgz7qpimvci7/libexec/gcc/x86_64-pc-linux-gnu/6.5.0/lto-wrapper] ==> ignore
    arg [-plugin-opt=-fresolution=/tmp/ccHvZoSF.res] ==> ignore
    arg [-plugin-opt=-pass-through=-lgcc] ==> ignore
    arg [-plugin-opt=-pass-through=-lgcc_s] ==> ignore
    arg [-plugin-opt=-pass-through=-lc] ==> ignore
    arg [-plugin-opt=-pass-through=-lgcc] ==> ignore
    arg [-plugin-opt=-pass-through=-lgcc_s] ==> ignore
    arg [-rpath] ==> ignore
    arg [/opt/spack/opt/spack/linux-centos8-broadwell/gcc-9.2.0/gcc-6.5.0-vgnjfb4guymlhgjq5ckevgz7qpimvci7/lib:/opt/spack/opt/spack/linux-centos8-broadwell/gcc-9.2.0/gcc-6.5.0-vgnjfb4guymlhgjq5ckevgz7qpimvci7/lib64] ==> ignore
    arg [--eh-frame-hdr] ==> ignore
    arg [-m] ==> ignore
    arg [elf_x86_64] ==> ignore
    arg [-export-dynamic] ==> ignore
    arg [-dynamic-linker] ==> ignore
    arg [/lib64/ld-linux-x86-64.so.2] ==> ignore
    arg [-o] ==> ignore
    arg [cmTC_5a2d5] ==> ignore
    arg [/lib/../lib64/crt1.o] ==> ignore
    arg [/lib/../lib64/crti.o] ==> ignore
    arg [/opt/spack/opt/spack/linux-centos8-broadwell/gcc-9.2.0/gcc-6.5.0-vgnjfb4guymlhgjq5ckevgz7qpimvci7/lib/gcc/x86_64-pc-linux-gnu/6.5.0/crtbegin.o] ==> ignore
    arg [-L/opt/spack/opt/spack/linux-centos8-broadwell/gcc-9.2.0/gcc-6.5.0-vgnjfb4guymlhgjq5ckevgz7qpimvci7/lib64/../lib64] ==> dir [/opt/spack/opt/spack/linux-centos8-broadwell/gcc-9.2.0/gcc-6.5.0-vgnjfb4guymlhgjq5ckevgz7qpimvci7/lib64/../lib64]
    arg [-L/opt/spack/opt/spack/linux-centos8-broadwell/gcc-9.2.0/gcc-6.5.0-vgnjfb4guymlhgjq5ckevgz7qpimvci7/lib/../lib64] ==> dir [/opt/spack/opt/spack/linux-centos8-broadwell/gcc-9.2.0/gcc-6.5.0-vgnjfb4guymlhgjq5ckevgz7qpimvci7/lib/../lib64]
    arg [-L/opt/spack/opt/spack/linux-centos8-broadwell/gcc-9.2.0/gcc-6.5.0-vgnjfb4guymlhgjq5ckevgz7qpimvci7/lib/gcc/x86_64-pc-linux-gnu/6.5.0] ==> dir [/opt/spack/opt/spack/linux-centos8-broadwell/gcc-9.2.0/gcc-6.5.0-vgnjfb4guymlhgjq5ckevgz7qpimvci7/lib/gcc/x86_64-pc-linux-gnu/6.5.0]
    arg [-L/opt/spack/opt/spack/linux-centos8-broadwell/gcc-9.2.0/gcc-6.5.0-vgnjfb4guymlhgjq5ckevgz7qpimvci7/lib/gcc/x86_64-pc-linux-gnu/6.5.0/../../../../lib64] ==> dir [/opt/spack/opt/spack/linux-centos8-broadwell/gcc-9.2.0/gcc-6.5.0-vgnjfb4guymlhgjq5ckevgz7qpimvci7/lib/gcc/x86_64-pc-linux-gnu/6.5.0/../../../../lib64]
    arg [-L/lib/../lib64] ==> dir [/lib/../lib64]
    arg [-L/usr/lib/../lib64] ==> dir [/usr/lib/../lib64]
    arg [-L/opt/spack/opt/spack/linux-centos8-broadwell/gcc-9.2.0/gcc-6.5.0-vgnjfb4guymlhgjq5ckevgz7qpimvci7/lib64] ==> dir [/opt/spack/opt/spack/linux-centos8-broadwell/gcc-9.2.0/gcc-6.5.0-vgnjfb4guymlhgjq5ckevgz7qpimvci7/lib64]
    arg [-L/opt/spack/opt/spack/linux-centos8-broadwell/gcc-9.2.0/gcc-6.5.0-vgnjfb4guymlhgjq5ckevgz7qpimvci7/lib] ==> dir [/opt/spack/opt/spack/linux-centos8-broadwell/gcc-9.2.0/gcc-6.5.0-vgnjfb4guymlhgjq5ckevgz7qpimvci7/lib]
    arg [-L/opt/spack/opt/spack/linux-centos8-broadwell/gcc-9.2.0/gcc-6.5.0-vgnjfb4guymlhgjq5ckevgz7qpimvci7/lib/gcc/x86_64-pc-linux-gnu/6.5.0/../../..] ==> dir [/opt/spack/opt/spack/linux-centos8-broadwell/gcc-9.2.0/gcc-6.5.0-vgnjfb4guymlhgjq5ckevgz7qpimvci7/lib/gcc/x86_64-pc-linux-gnu/6.5.0/../../..]
    arg [CMakeFiles/cmTC_5a2d5.dir/CMakeCCompilerABI.c.o] ==> ignore
    arg [-lgcc] ==> lib [gcc]
    arg [--as-needed] ==> ignore
    arg [-lgcc_s] ==> lib [gcc_s]
    arg [--no-as-needed] ==> ignore
    arg [-lc] ==> lib [c]
    arg [-lgcc] ==> lib [gcc]
    arg [--as-needed] ==> ignore
    arg [-lgcc_s] ==> lib [gcc_s]
    arg [--no-as-needed] ==> ignore
    arg [/opt/spack/opt/spack/linux-centos8-broadwell/gcc-9.2.0/gcc-6.5.0-vgnjfb4guymlhgjq5ckevgz7qpimvci7/lib/gcc/x86_64-pc-linux-gnu/6.5.0/crtend.o] ==> ignore
    arg [/lib/../lib64/crtn.o] ==> ignore
  collapse library dir [/opt/spack/opt/spack/linux-centos8-broadwell/gcc-9.2.0/gcc-6.5.0-vgnjfb4guymlhgjq5ckevgz7qpimvci7/lib64/../lib64] ==> [/opt/spack/opt/spack/linux-centos8-broadwell/gcc-9.2.0/gcc-6.5.0-vgnjfb4guymlhgjq5ckevgz7qpimvci7/lib64]
  collapse library dir [/opt/spack/opt/spack/linux-centos8-broadwell/gcc-9.2.0/gcc-6.5.0-vgnjfb4guymlhgjq5ckevgz7qpimvci7/lib/../lib64] ==> [/opt/spack/opt/spack/linux-centos8-broadwell/gcc-9.2.0/gcc-6.5.0-vgnjfb4guymlhgjq5ckevgz7qpimvci7/lib64]
  collapse library dir [/opt/spack/opt/spack/linux-centos8-broadwell/gcc-9.2.0/gcc-6.5.0-vgnjfb4guymlhgjq5ckevgz7qpimvci7/lib/gcc/x86_64-pc-linux-gnu/6.5.0] ==> [/opt/spack/opt/spack/linux-centos8-broadwell/gcc-9.2.0/gcc-6.5.0-vgnjfb4guymlhgjq5ckevgz7qpimvci7/lib/gcc/x86_64-pc-linux-gnu/6.5.0]
  collapse library dir [/opt/spack/opt/spack/linux-centos8-broadwell/gcc-9.2.0/gcc-6.5.0-vgnjfb4guymlhgjq5ckevgz7qpimvci7/lib/gcc/x86_64-pc-linux-gnu/6.5.0/../../../../lib64] ==> [/opt/spack/opt/spack/linux-centos8-broadwell/gcc-9.2.0/gcc-6.5.0-vgnjfb4guymlhgjq5ckevgz7qpimvci7/lib64]
  collapse library dir [/lib/../lib64] ==> [/lib64]
  collapse library dir [/usr/lib/../lib64] ==> [/usr/lib64]
  collapse library dir [/opt/spack/opt/spack/linux-centos8-broadwell/gcc-9.2.0/gcc-6.5.0-vgnjfb4guymlhgjq5ckevgz7qpimvci7/lib64] ==> [/opt/spack/opt/spack/linux-centos8-broadwell/gcc-9.2.0/gcc-6.5.0-vgnjfb4guymlhgjq5ckevgz7qpimvci7/lib64]
  collapse library dir [/opt/spack/opt/spack/linux-centos8-broadwell/gcc-9.2.0/gcc-6.5.0-vgnjfb4guymlhgjq5ckevgz7qpimvci7/lib] ==> [/opt/spack/opt/spack/linux-centos8-broadwell/gcc-9.2.0/gcc-6.5.0-vgnjfb4guymlhgjq5ckevgz7qpimvci7/lib]
  collapse library dir [/opt/spack/opt/spack/linux-centos8-broadwell/gcc-9.2.0/gcc-6.5.0-vgnjfb4guymlhgjq5ckevgz7qpimvci7/lib/gcc/x86_64-pc-linux-gnu/6.5.0/../../..] ==> [/opt/spack/opt/spack/linux-centos8-broadwell/gcc-9.2.0/gcc-6.5.0-vgnjfb4guymlhgjq5ckevgz7qpimvci7/lib]
  implicit libs: [gcc;gcc_s;c;gcc;gcc_s]
  implicit dirs: [/opt/spack/opt/spack/linux-centos8-broadwell/gcc-9.2.0/gcc-6.5.0-vgnjfb4guymlhgjq5ckevgz7qpimvci7/lib64;/opt/spack/opt/spack/linux-centos8-broadwell/gcc-9.2.0/gcc-6.5.0-vgnjfb4guymlhgjq5ckevgz7qpimvci7/lib/gcc/x86_64-pc-linux-gnu/6.5.0;/lib64;/usr/lib64;/opt/spack/opt/spack/linux-centos8-broadwell/gcc-9.2.0/gcc-6.5.0-vgnjfb4guymlhgjq5ckevgz7qpimvci7/lib]
  implicit fwks: []




Detecting C [-std=c11] compiler features compiled with the following output:
Change Dir: /home/quest/uastar/build/CMakeFiles/CMakeTmp

Run Build Command:"/usr/bin/gmake" "cmTC_2819a/fast"
/usr/bin/gmake -f CMakeFiles/cmTC_2819a.dir/build.make CMakeFiles/cmTC_2819a.dir/build
gmake[1]: Entering directory '/home/quest/uastar/build/CMakeFiles/CMakeTmp'
Building C object CMakeFiles/cmTC_2819a.dir/feature_tests.c.o
/opt/spack/opt/spack/linux-centos8-broadwell/gcc-9.2.0/gcc-6.5.0-vgnjfb4guymlhgjq5ckevgz7qpimvci7/bin/gcc   -std=c11 -o CMakeFiles/cmTC_2819a.dir/feature_tests.c.o   -c /home/quest/uastar/build/CMakeFiles/feature_tests.c
Linking C executable cmTC_2819a
/usr/bin/cmake -E cmake_link_script CMakeFiles/cmTC_2819a.dir/link.txt --verbose=1
/opt/spack/opt/spack/linux-centos8-broadwell/gcc-9.2.0/gcc-6.5.0-vgnjfb4guymlhgjq5ckevgz7qpimvci7/bin/gcc      -rdynamic CMakeFiles/cmTC_2819a.dir/feature_tests.c.o  -o cmTC_2819a 
gmake[1]: Leaving directory '/home/quest/uastar/build/CMakeFiles/CMakeTmp'


    Feature record: C_FEATURE:1c_function_prototypes
    Feature record: C_FEATURE:1c_restrict
    Feature record: C_FEATURE:1c_static_assert
    Feature record: C_FEATURE:1c_variadic_macros


Detecting C [-std=c99] compiler features compiled with the following output:
Change Dir: /home/quest/uastar/build/CMakeFiles/CMakeTmp

Run Build Command:"/usr/bin/gmake" "cmTC_56901/fast"
/usr/bin/gmake -f CMakeFiles/cmTC_56901.dir/build.make CMakeFiles/cmTC_56901.dir/build
gmake[1]: Entering directory '/home/quest/uastar/build/CMakeFiles/CMakeTmp'
Building C object CMakeFiles/cmTC_56901.dir/feature_tests.c.o
/opt/spack/opt/spack/linux-centos8-broadwell/gcc-9.2.0/gcc-6.5.0-vgnjfb4guymlhgjq5ckevgz7qpimvci7/bin/gcc   -std=c99 -o CMakeFiles/cmTC_56901.dir/feature_tests.c.o   -c /home/quest/uastar/build/CMakeFiles/feature_tests.c
Linking C executable cmTC_56901
/usr/bin/cmake -E cmake_link_script CMakeFiles/cmTC_56901.dir/link.txt --verbose=1
/opt/spack/opt/spack/linux-centos8-broadwell/gcc-9.2.0/gcc-6.5.0-vgnjfb4guymlhgjq5ckevgz7qpimvci7/bin/gcc      -rdynamic CMakeFiles/cmTC_56901.dir/feature_tests.c.o  -o cmTC_56901 
gmake[1]: Leaving directory '/home/quest/uastar/build/CMakeFiles/CMakeTmp'


    Feature record: C_FEATURE:1c_function_prototypes
    Feature record: C_FEATURE:1c_restrict
    Feature record: C_FEATURE:0c_static_assert
    Feature record: C_FEATURE:1c_variadic_macros


Detecting C [-std=c90] compiler features compiled with the following output:
Change Dir: /home/quest/uastar/build/CMakeFiles/CMakeTmp

Run Build Command:"/usr/bin/gmake" "cmTC_9e596/fast"
/usr/bin/gmake -f CMakeFiles/cmTC_9e596.dir/build.make CMakeFiles/cmTC_9e596.dir/build
gmake[1]: Entering directory '/home/quest/uastar/build/CMakeFiles/CMakeTmp'
Building C object CMakeFiles/cmTC_9e596.dir/feature_tests.c.o
/opt/spack/opt/spack/linux-centos8-broadwell/gcc-9.2.0/gcc-6.5.0-vgnjfb4guymlhgjq5ckevgz7qpimvci7/bin/gcc   -std=c90 -o CMakeFiles/cmTC_9e596.dir/feature_tests.c.o   -c /home/quest/uastar/build/CMakeFiles/feature_tests.c
Linking C executable cmTC_9e596
/usr/bin/cmake -E cmake_link_script CMakeFiles/cmTC_9e596.dir/link.txt --verbose=1
/opt/spack/opt/spack/linux-centos8-broadwell/gcc-9.2.0/gcc-6.5.0-vgnjfb4guymlhgjq5ckevgz7qpimvci7/bin/gcc      -rdynamic CMakeFiles/cmTC_9e596.dir/feature_tests.c.o  -o cmTC_9e596 
gmake[1]: Leaving directory '/home/quest/uastar/build/CMakeFiles/CMakeTmp'


    Feature record: C_FEATURE:1c_function_prototypes
    Feature record: C_FEATURE:0c_restrict
    Feature record: C_FEATURE:0c_static_assert
    Feature record: C_FEATURE:0c_variadic_macros
Determining if the CXX compiler works passed with the following output:
Change Dir: /home/quest/uastar/build/CMakeFiles/CMakeTmp

Run Build Command:"/usr/bin/gmake" "cmTC_49ad0/fast"
/usr/bin/gmake -f CMakeFiles/cmTC_49ad0.dir/build.make CMakeFiles/cmTC_49ad0.dir/build
gmake[1]: Entering directory '/home/quest/uastar/build/CMakeFiles/CMakeTmp'
Building CXX object CMakeFiles/cmTC_49ad0.dir/testCXXCompiler.cxx.o
/opt/spack/opt/spack/linux-centos8-broadwell/gcc-9.2.0/gcc-6.5.0-vgnjfb4guymlhgjq5ckevgz7qpimvci7/bin/g++     -o CMakeFiles/cmTC_49ad0.dir/testCXXCompiler.cxx.o -c /home/quest/uastar/build/CMakeFiles/CMakeTmp/testCXXCompiler.cxx
Linking CXX executable cmTC_49ad0
/usr/bin/cmake -E cmake_link_script CMakeFiles/cmTC_49ad0.dir/link.txt --verbose=1
/opt/spack/opt/spack/linux-centos8-broadwell/gcc-9.2.0/gcc-6.5.0-vgnjfb4guymlhgjq5ckevgz7qpimvci7/bin/g++       -rdynamic CMakeFiles/cmTC_49ad0.dir/testCXXCompiler.cxx.o  -o cmTC_49ad0 
gmake[1]: Leaving directory '/home/quest/uastar/build/CMakeFiles/CMakeTmp'


Detecting CXX compiler ABI info compiled with the following output:
Change Dir: /home/quest/uastar/build/CMakeFiles/CMakeTmp

Run Build Command:"/usr/bin/gmake" "cmTC_1071e/fast"
/usr/bin/gmake -f CMakeFiles/cmTC_1071e.dir/build.make CMakeFiles/cmTC_1071e.dir/build
gmake[1]: Entering directory '/home/quest/uastar/build/CMakeFiles/CMakeTmp'
Building CXX object CMakeFiles/cmTC_1071e.dir/CMakeCXXCompilerABI.cpp.o
/opt/spack/opt/spack/linux-centos8-broadwell/gcc-9.2.0/gcc-6.5.0-vgnjfb4guymlhgjq5ckevgz7qpimvci7/bin/g++     -o CMakeFiles/cmTC_1071e.dir/CMakeCXXCompilerABI.cpp.o -c /usr/share/cmake/Modules/CMakeCXXCompilerABI.cpp
Linking CXX executable cmTC_1071e
/usr/bin/cmake -E cmake_link_script CMakeFiles/cmTC_1071e.dir/link.txt --verbose=1
/opt/spack/opt/spack/linux-centos8-broadwell/gcc-9.2.0/gcc-6.5.0-vgnjfb4guymlhgjq5ckevgz7qpimvci7/bin/g++      -v -rdynamic CMakeFiles/cmTC_1071e.dir/CMakeCXXCompilerABI.cpp.o  -o cmTC_1071e 
Reading specs from /opt/spack/opt/spack/linux-centos8-broadwell/gcc-9.2.0/gcc-6.5.0-vgnjfb4guymlhgjq5ckevgz7qpimvci7/lib/gcc/x86_64-pc-linux-gnu/6.5.0/specs
COLLECT_GCC=/opt/spack/opt/spack/linux-centos8-broadwell/gcc-9.2.0/gcc-6.5.0-vgnjfb4guymlhgjq5ckevgz7qpimvci7/bin/g++
COLLECT_LTO_WRAPPER=/opt/spack/opt/spack/linux-centos8-broadwell/gcc-9.2.0/gcc-6.5.0-vgnjfb4guymlhgjq5ckevgz7qpimvci7/libexec/gcc/x86_64-pc-linux-gnu/6.5.0/lto-wrapper
Target: x86_64-pc-linux-gnu
Configured with: /tmp/root/spack-stage/spack-stage-gcc-6.5.0-vgnjfb4guymlhgjq5ckevgz7qpimvci7/spack-src/configure --prefix=/opt/spack/opt/spack/linux-centos8-broadwell/gcc-9.2.0/gcc-6.5.0-vgnjfb4guymlhgjq5ckevgz7qpimvci7 --with-pkgversion='Spack GCC' --with-bugurl=https://github.com/spack/spack/issues --disable-multilib --enable-languages=c,c++,fortran --disable-nls --with-mpfr=/opt/spack/opt/spack/linux-centos8-broadwell/gcc-9.2.0/mpfr-3.1.6-2uu67ul7oja7tnsbykwoajw5nqz76tny --with-gmp=/opt/spack/opt/spack/linux-centos8-broadwell/gcc-9.2.0/gmp-6.1.2-lvufc7q6qhgjc5rfcvk7qlt4k6obnyw5 --with-system-zlib --with-mpc=/opt/spack/opt/spack/linux-centos8-broadwell/gcc-9.2.0/mpc-1.1.0-2ojoq7tgdcanyer6klowprwfnkchv7ie --with-isl=/opt/spack/opt/spack/linux-centos8-broadwell/gcc-9.2.0/isl-0.18-i77cnrudz5it47il3njgd43eyadkkzd4
Thread model: posix
gcc version 6.5.0 (Spack GCC) 
COMPILER_PATH=/opt/spack/opt/spack/linux-centos8-broadwell/gcc-9.2.0/gcc-6.5.0-vgnjfb4guymlhgjq5ckevgz7qpimvci7/libexec/gcc/x86_64-pc-linux-gnu/6.5.0/:/opt/spack/opt/spack/linux-centos8-broadwell/gcc-9.2.0/gcc-6.5.0-vgnjfb4guymlhgjq5ckevgz7qpimvci7/libexec/gcc/x86_64-pc-linux-gnu/6.5.0/:/opt/spack/opt/spack/linux-centos8-broadwell/gcc-9.2.0/gcc-6.5.0-vgnjfb4guymlhgjq5ckevgz7qpimvci7/libexec/gcc/x86_64-pc-linux-gnu/:/opt/spack/opt/spack/linux-centos8-broadwell/gcc-9.2.0/gcc-6.5.0-vgnjfb4guymlhgjq5ckevgz7qpimvci7/lib/gcc/x86_64-pc-linux-gnu/6.5.0/:/opt/spack/opt/spack/linux-centos8-broadwell/gcc-9.2.0/gcc-6.5.0-vgnjfb4guymlhgjq5ckevgz7qpimvci7/lib/gcc/x86_64-pc-linux-gnu/
LIBRARY_PATH=/opt/spack/opt/spack/linux-centos8-broadwell/gcc-9.2.0/gcc-6.5.0-vgnjfb4guymlhgjq5ckevgz7qpimvci7/lib64/../lib64/:/opt/spack/opt/spack/linux-centos8-broadwell/gcc-9.2.0/gcc-6.5.0-vgnjfb4guymlhgjq5ckevgz7qpimvci7/lib/../lib64/:/opt/spack/opt/spack/linux-centos8-broadwell/gcc-9.2.0/gcc-6.5.0-vgnjfb4guymlhgjq5ckevgz7qpimvci7/lib/gcc/x86_64-pc-linux-gnu/6.5.0/:/opt/spack/opt/spack/linux-centos8-broadwell/gcc-9.2.0/gcc-6.5.0-vgnjfb4guymlhgjq5ckevgz7qpimvci7/lib/gcc/x86_64-pc-linux-gnu/6.5.0/../../../../lib64/:/lib/../lib64/:/usr/lib/../lib64/:/opt/spack/opt/spack/linux-centos8-broadwell/gcc-9.2.0/gcc-6.5.0-vgnjfb4guymlhgjq5ckevgz7qpimvci7/lib64/:/opt/spack/opt/spack/linux-centos8-broadwell/gcc-9.2.0/gcc-6.5.0-vgnjfb4guymlhgjq5ckevgz7qpimvci7/lib/:/opt/spack/opt/spack/linux-centos8-broadwell/gcc-9.2.0/gcc-6.5.0-vgnjfb4guymlhgjq5ckevgz7qpimvci7/lib/gcc/x86_64-pc-linux-gnu/6.5.0/../../../:/lib/:/usr/lib/
COLLECT_GCC_OPTIONS='-v' '-rdynamic' '-o' 'cmTC_1071e' '-shared-libgcc' '-mtune=generic' '-march=x86-64'
 /opt/spack/opt/spack/linux-centos8-broadwell/gcc-9.2.0/gcc-6.5.0-vgnjfb4guymlhgjq5ckevgz7qpimvci7/libexec/gcc/x86_64-pc-linux-gnu/6.5.0/collect2 -plugin /opt/spack/opt/spack/linux-centos8-broadwell/gcc-9.2.0/gcc-6.5.0-vgnjfb4guymlhgjq5ckevgz7qpimvci7/libexec/gcc/x86_64-pc-linux-gnu/6.5.0/liblto_plugin.so -plugin-opt=/opt/spack/opt/spack/linux-centos8-broadwell/gcc-9.2.0/gcc-6.5.0-vgnjfb4guymlhgjq5ckevgz7qpimvci7/libexec/gcc/x86_64-pc-linux-gnu/6.5.0/lto-wrapper -plugin-opt=-fresolution=/tmp/ccfM6bC9.res -plugin-opt=-pass-through=-lgcc_s -plugin-opt=-pass-through=-lgcc -plugin-opt=-pass-through=-lc -plugin-opt=-pass-through=-lgcc_s -plugin-opt=-pass-through=-lgcc -rpath /opt/spack/opt/spack/linux-centos8-broadwell/gcc-9.2.0/gcc-6.5.0-vgnjfb4guymlhgjq5ckevgz7qpimvci7/lib:/opt/spack/opt/spack/linux-centos8-broadwell/gcc-9.2.0/gcc-6.5.0-vgnjfb4guymlhgjq5ckevgz7qpimvci7/lib64 --eh-frame-hdr -m elf_x86_64 -export-dynamic -dynamic-linker /lib64/ld-linux-x86-64.so.2 -o cmTC_1071e /lib/../lib64/crt1.o /lib/../lib64/crti.o /opt/spack/opt/spack/linux-centos8-broadwell/gcc-9.2.0/gcc-6.5.0-vgnjfb4guymlhgjq5ckevgz7qpimvci7/lib/gcc/x86_64-pc-linux-gnu/6.5.0/crtbegin.o -L/opt/spack/opt/spack/linux-centos8-broadwell/gcc-9.2.0/gcc-6.5.0-vgnjfb4guymlhgjq5ckevgz7qpimvci7/lib64/../lib64 -L/opt/spack/opt/spack/linux-centos8-broadwell/gcc-9.2.0/gcc-6.5.0-vgnjfb4guymlhgjq5ckevgz7qpimvci7/lib/../lib64 -L/opt/spack/opt/spack/linux-centos8-broadwell/gcc-9.2.0/gcc-6.5.0-vgnjfb4guymlhgjq5ckevgz7qpimvci7/lib/gcc/x86_64-pc-linux-gnu/6.5.0 -L/opt/spack/opt/spack/linux-centos8-broadwell/gcc-9.2.0/gcc-6.5.0-vgnjfb4guymlhgjq5ckevgz7qpimvci7/lib/gcc/x86_64-pc-linux-gnu/6.5.0/../../../../lib64 -L/lib/../lib64 -L/usr/lib/../lib64 -L/opt/spack/opt/spack/linux-centos8-broadwell/gcc-9.2.0/gcc-6.5.0-vgnjfb4guymlhgjq5ckevgz7qpimvci7/lib64 -L/opt/spack/opt/spack/linux-centos8-broadwell/gcc-9.2.0/gcc-6.5.0-vgnjfb4guymlhgjq5ckevgz7qpimvci7/lib -L/opt/spack/opt/spack/linux-centos8-broadwell/gcc-9.2.0/gcc-6.5.0-vgnjfb4guymlhgjq5ckevgz7qpimvci7/lib/gcc/x86_64-pc-linux-gnu/6.5.0/../../.. CMakeFiles/cmTC_1071e.dir/CMakeCXXCompilerABI.cpp.o -lstdc++ -lm -lgcc_s -lgcc -lc -lgcc_s -lgcc /opt/spack/opt/spack/linux-centos8-broadwell/gcc-9.2.0/gcc-6.5.0-vgnjfb4guymlhgjq5ckevgz7qpimvci7/lib/gcc/x86_64-pc-linux-gnu/6.5.0/crtend.o /lib/../lib64/crtn.o
COLLECT_GCC_OPTIONS='-v' '-rdynamic' '-o' 'cmTC_1071e' '-shared-libgcc' '-mtune=generic' '-march=x86-64'
gmake[1]: Leaving directory '/home/quest/uastar/build/CMakeFiles/CMakeTmp'


Parsed CXX implicit link information from above output:
  link line regex: [^( *|.*[/\])(ld|CMAKE_LINK_STARTFILE-NOTFOUND|([^/\]+-)?ld|collect2)[^/\]*( |$)]
  ignore line: [Change Dir: /home/quest/uastar/build/CMakeFiles/CMakeTmp]
  ignore line: []
  ignore line: [Run Build Command:"/usr/bin/gmake" "cmTC_1071e/fast"]
  ignore line: [/usr/bin/gmake -f CMakeFiles/cmTC_1071e.dir/build.make CMakeFiles/cmTC_1071e.dir/build]
  ignore line: [gmake[1]: Entering directory '/home/quest/uastar/build/CMakeFiles/CMakeTmp']
  ignore line: [Building CXX object CMakeFiles/cmTC_1071e.dir/CMakeCXXCompilerABI.cpp.o]
  ignore line: [/opt/spack/opt/spack/linux-centos8-broadwell/gcc-9.2.0/gcc-6.5.0-vgnjfb4guymlhgjq5ckevgz7qpimvci7/bin/g++     -o CMakeFiles/cmTC_1071e.dir/CMakeCXXCompilerABI.cpp.o -c /usr/share/cmake/Modules/CMakeCXXCompilerABI.cpp]
  ignore line: [Linking CXX executable cmTC_1071e]
  ignore line: [/usr/bin/cmake -E cmake_link_script CMakeFiles/cmTC_1071e.dir/link.txt --verbose=1]
  ignore line: [/opt/spack/opt/spack/linux-centos8-broadwell/gcc-9.2.0/gcc-6.5.0-vgnjfb4guymlhgjq5ckevgz7qpimvci7/bin/g++      -v -rdynamic CMakeFiles/cmTC_1071e.dir/CMakeCXXCompilerABI.cpp.o  -o cmTC_1071e ]
  ignore line: [Reading specs from /opt/spack/opt/spack/linux-centos8-broadwell/gcc-9.2.0/gcc-6.5.0-vgnjfb4guymlhgjq5ckevgz7qpimvci7/lib/gcc/x86_64-pc-linux-gnu/6.5.0/specs]
  ignore line: [COLLECT_GCC=/opt/spack/opt/spack/linux-centos8-broadwell/gcc-9.2.0/gcc-6.5.0-vgnjfb4guymlhgjq5ckevgz7qpimvci7/bin/g++]
  ignore line: [COLLECT_LTO_WRAPPER=/opt/spack/opt/spack/linux-centos8-broadwell/gcc-9.2.0/gcc-6.5.0-vgnjfb4guymlhgjq5ckevgz7qpimvci7/libexec/gcc/x86_64-pc-linux-gnu/6.5.0/lto-wrapper]
  ignore line: [Target: x86_64-pc-linux-gnu]
  ignore line: [Configured with: /tmp/root/spack-stage/spack-stage-gcc-6.5.0-vgnjfb4guymlhgjq5ckevgz7qpimvci7/spack-src/configure --prefix=/opt/spack/opt/spack/linux-centos8-broadwell/gcc-9.2.0/gcc-6.5.0-vgnjfb4guymlhgjq5ckevgz7qpimvci7 --with-pkgversion='Spack GCC' --with-bugurl=https://github.com/spack/spack/issues --disable-multilib --enable-languages=c,c++,fortran --disable-nls --with-mpfr=/opt/spack/opt/spack/linux-centos8-broadwell/gcc-9.2.0/mpfr-3.1.6-2uu67ul7oja7tnsbykwoajw5nqz76tny --with-gmp=/opt/spack/opt/spack/linux-centos8-broadwell/gcc-9.2.0/gmp-6.1.2-lvufc7q6qhgjc5rfcvk7qlt4k6obnyw5 --with-system-zlib --with-mpc=/opt/spack/opt/spack/linux-centos8-broadwell/gcc-9.2.0/mpc-1.1.0-2ojoq7tgdcanyer6klowprwfnkchv7ie --with-isl=/opt/spack/opt/spack/linux-centos8-broadwell/gcc-9.2.0/isl-0.18-i77cnrudz5it47il3njgd43eyadkkzd4]
  ignore line: [Thread model: posix]
  ignore line: [gcc version 6.5.0 (Spack GCC) ]
  ignore line: [COMPILER_PATH=/opt/spack/opt/spack/linux-centos8-broadwell/gcc-9.2.0/gcc-6.5.0-vgnjfb4guymlhgjq5ckevgz7qpimvci7/libexec/gcc/x86_64-pc-linux-gnu/6.5.0/:/opt/spack/opt/spack/linux-centos8-broadwell/gcc-9.2.0/gcc-6.5.0-vgnjfb4guymlhgjq5ckevgz7qpimvci7/libexec/gcc/x86_64-pc-linux-gnu/6.5.0/:/opt/spack/opt/spack/linux-centos8-broadwell/gcc-9.2.0/gcc-6.5.0-vgnjfb4guymlhgjq5ckevgz7qpimvci7/libexec/gcc/x86_64-pc-linux-gnu/:/opt/spack/opt/spack/linux-centos8-broadwell/gcc-9.2.0/gcc-6.5.0-vgnjfb4guymlhgjq5ckevgz7qpimvci7/lib/gcc/x86_64-pc-linux-gnu/6.5.0/:/opt/spack/opt/spack/linux-centos8-broadwell/gcc-9.2.0/gcc-6.5.0-vgnjfb4guymlhgjq5ckevgz7qpimvci7/lib/gcc/x86_64-pc-linux-gnu/]
  ignore line: [LIBRARY_PATH=/opt/spack/opt/spack/linux-centos8-broadwell/gcc-9.2.0/gcc-6.5.0-vgnjfb4guymlhgjq5ckevgz7qpimvci7/lib64/../lib64/:/opt/spack/opt/spack/linux-centos8-broadwell/gcc-9.2.0/gcc-6.5.0-vgnjfb4guymlhgjq5ckevgz7qpimvci7/lib/../lib64/:/opt/spack/opt/spack/linux-centos8-broadwell/gcc-9.2.0/gcc-6.5.0-vgnjfb4guymlhgjq5ckevgz7qpimvci7/lib/gcc/x86_64-pc-linux-gnu/6.5.0/:/opt/spack/opt/spack/linux-centos8-broadwell/gcc-9.2.0/gcc-6.5.0-vgnjfb4guymlhgjq5ckevgz7qpimvci7/lib/gcc/x86_64-pc-linux-gnu/6.5.0/../../../../lib64/:/lib/../lib64/:/usr/lib/../lib64/:/opt/spack/opt/spack/linux-centos8-broadwell/gcc-9.2.0/gcc-6.5.0-vgnjfb4guymlhgjq5ckevgz7qpimvci7/lib64/:/opt/spack/opt/spack/linux-centos8-broadwell/gcc-9.2.0/gcc-6.5.0-vgnjfb4guymlhgjq5ckevgz7qpimvci7/lib/:/opt/spack/opt/spack/linux-centos8-broadwell/gcc-9.2.0/gcc-6.5.0-vgnjfb4guymlhgjq5ckevgz7qpimvci7/lib/gcc/x86_64-pc-linux-gnu/6.5.0/../../../:/lib/:/usr/lib/]
  ignore line: [COLLECT_GCC_OPTIONS='-v' '-rdynamic' '-o' 'cmTC_1071e' '-shared-libgcc' '-mtune=generic' '-march=x86-64']
  link line: [ /opt/spack/opt/spack/linux-centos8-broadwell/gcc-9.2.0/gcc-6.5.0-vgnjfb4guymlhgjq5ckevgz7qpimvci7/libexec/gcc/x86_64-pc-linux-gnu/6.5.0/collect2 -plugin /opt/spack/opt/spack/linux-centos8-broadwell/gcc-9.2.0/gcc-6.5.0-vgnjfb4guymlhgjq5ckevgz7qpimvci7/libexec/gcc/x86_64-pc-linux-gnu/6.5.0/liblto_plugin.so -plugin-opt=/opt/spack/opt/spack/linux-centos8-broadwell/gcc-9.2.0/gcc-6.5.0-vgnjfb4guymlhgjq5ckevgz7qpimvci7/libexec/gcc/x86_64-pc-linux-gnu/6.5.0/lto-wrapper -plugin-opt=-fresolution=/tmp/ccfM6bC9.res -plugin-opt=-pass-through=-lgcc_s -plugin-opt=-pass-through=-lgcc -plugin-opt=-pass-through=-lc -plugin-opt=-pass-through=-lgcc_s -plugin-opt=-pass-through=-lgcc -rpath /opt/spack/opt/spack/linux-centos8-broadwell/gcc-9.2.0/gcc-6.5.0-vgnjfb4guymlhgjq5ckevgz7qpimvci7/lib:/opt/spack/opt/spack/linux-centos8-broadwell/gcc-9.2.0/gcc-6.5.0-vgnjfb4guymlhgjq5ckevgz7qpimvci7/lib64 --eh-frame-hdr -m elf_x86_64 -export-dynamic -dynamic-linker /lib64/ld-linux-x86-64.so.2 -o cmTC_1071e /lib/../lib64/crt1.o /lib/../lib64/crti.o /opt/spack/opt/spack/linux-centos8-broadwell/gcc-9.2.0/gcc-6.5.0-vgnjfb4guymlhgjq5ckevgz7qpimvci7/lib/gcc/x86_64-pc-linux-gnu/6.5.0/crtbegin.o -L/opt/spack/opt/spack/linux-centos8-broadwell/gcc-9.2.0/gcc-6.5.0-vgnjfb4guymlhgjq5ckevgz7qpimvci7/lib64/../lib64 -L/opt/spack/opt/spack/linux-centos8-broadwell/gcc-9.2.0/gcc-6.5.0-vgnjfb4guymlhgjq5ckevgz7qpimvci7/lib/../lib64 -L/opt/spack/opt/spack/linux-centos8-broadwell/gcc-9.2.0/gcc-6.5.0-vgnjfb4guymlhgjq5ckevgz7qpimvci7/lib/gcc/x86_64-pc-linux-gnu/6.5.0 -L/opt/spack/opt/spack/linux-centos8-broadwell/gcc-9.2.0/gcc-6.5.0-vgnjfb4guymlhgjq5ckevgz7qpimvci7/lib/gcc/x86_64-pc-linux-gnu/6.5.0/../../../../lib64 -L/lib/../lib64 -L/usr/lib/../lib64 -L/opt/spack/opt/spack/linux-centos8-broadwell/gcc-9.2.0/gcc-6.5.0-vgnjfb4guymlhgjq5ckevgz7qpimvci7/lib64 -L/opt/spack/opt/spack/linux-centos8-broadwell/gcc-9.2.0/gcc-6.5.0-vgnjfb4guymlhgjq5ckevgz7qpimvci7/lib -L/opt/spack/opt/spack/linux-centos8-broadwell/gcc-9.2.0/gcc-6.5.0-vgnjfb4guymlhgjq5ckevgz7qpimvci7/lib/gcc/x86_64-pc-linux-gnu/6.5.0/../../.. CMakeFiles/cmTC_1071e.dir/CMakeCXXCompilerABI.cpp.o -lstdc++ -lm -lgcc_s -lgcc -lc -lgcc_s -lgcc /opt/spack/opt/spack/linux-centos8-broadwell/gcc-9.2.0/gcc-6.5.0-vgnjfb4guymlhgjq5ckevgz7qpimvci7/lib/gcc/x86_64-pc-linux-gnu/6.5.0/crtend.o /lib/../lib64/crtn.o]
    arg [/opt/spack/opt/spack/linux-centos8-broadwell/gcc-9.2.0/gcc-6.5.0-vgnjfb4guymlhgjq5ckevgz7qpimvci7/libexec/gcc/x86_64-pc-linux-gnu/6.5.0/collect2] ==> ignore
    arg [-plugin] ==> ignore
    arg [/opt/spack/opt/spack/linux-centos8-broadwell/gcc-9.2.0/gcc-6.5.0-vgnjfb4guymlhgjq5ckevgz7qpimvci7/libexec/gcc/x86_64-pc-linux-gnu/6.5.0/liblto_plugin.so] ==> ignore
    arg [-plugin-opt=/opt/spack/opt/spack/linux-centos8-broadwell/gcc-9.2.0/gcc-6.5.0-vgnjfb4guymlhgjq5ckevgz7qpimvci7/libexec/gcc/x86_64-pc-linux-gnu/6.5.0/lto-wrapper] ==> ignore
    arg [-plugin-opt=-fresolution=/tmp/ccfM6bC9.res] ==> ignore
    arg [-plugin-opt=-pass-through=-lgcc_s] ==> ignore
    arg [-plugin-opt=-pass-through=-lgcc] ==> ignore
    arg [-plugin-opt=-pass-through=-lc] ==> ignore
    arg [-plugin-opt=-pass-through=-lgcc_s] ==> ignore
    arg [-plugin-opt=-pass-through=-lgcc] ==> ignore
    arg [-rpath] ==> ignore
    arg [/opt/spack/opt/spack/linux-centos8-broadwell/gcc-9.2.0/gcc-6.5.0-vgnjfb4guymlhgjq5ckevgz7qpimvci7/lib:/opt/spack/opt/spack/linux-centos8-broadwell/gcc-9.2.0/gcc-6.5.0-vgnjfb4guymlhgjq5ckevgz7qpimvci7/lib64] ==> ignore
    arg [--eh-frame-hdr] ==> ignore
    arg [-m] ==> ignore
    arg [elf_x86_64] ==> ignore
    arg [-export-dynamic] ==> ignore
    arg [-dynamic-linker] ==> ignore
    arg [/lib64/ld-linux-x86-64.so.2] ==> ignore
    arg [-o] ==> ignore
    arg [cmTC_1071e] ==> ignore
    arg [/lib/../lib64/crt1.o] ==> ignore
    arg [/lib/../lib64/crti.o] ==> ignore
    arg [/opt/spack/opt/spack/linux-centos8-broadwell/gcc-9.2.0/gcc-6.5.0-vgnjfb4guymlhgjq5ckevgz7qpimvci7/lib/gcc/x86_64-pc-linux-gnu/6.5.0/crtbegin.o] ==> ignore
    arg [-L/opt/spack/opt/spack/linux-centos8-broadwell/gcc-9.2.0/gcc-6.5.0-vgnjfb4guymlhgjq5ckevgz7qpimvci7/lib64/../lib64] ==> dir [/opt/spack/opt/spack/linux-centos8-broadwell/gcc-9.2.0/gcc-6.5.0-vgnjfb4guymlhgjq5ckevgz7qpimvci7/lib64/../lib64]
    arg [-L/opt/spack/opt/spack/linux-centos8-broadwell/gcc-9.2.0/gcc-6.5.0-vgnjfb4guymlhgjq5ckevgz7qpimvci7/lib/../lib64] ==> dir [/opt/spack/opt/spack/linux-centos8-broadwell/gcc-9.2.0/gcc-6.5.0-vgnjfb4guymlhgjq5ckevgz7qpimvci7/lib/../lib64]
    arg [-L/opt/spack/opt/spack/linux-centos8-broadwell/gcc-9.2.0/gcc-6.5.0-vgnjfb4guymlhgjq5ckevgz7qpimvci7/lib/gcc/x86_64-pc-linux-gnu/6.5.0] ==> dir [/opt/spack/opt/spack/linux-centos8-broadwell/gcc-9.2.0/gcc-6.5.0-vgnjfb4guymlhgjq5ckevgz7qpimvci7/lib/gcc/x86_64-pc-linux-gnu/6.5.0]
    arg [-L/opt/spack/opt/spack/linux-centos8-broadwell/gcc-9.2.0/gcc-6.5.0-vgnjfb4guymlhgjq5ckevgz7qpimvci7/lib/gcc/x86_64-pc-linux-gnu/6.5.0/../../../../lib64] ==> dir [/opt/spack/opt/spack/linux-centos8-broadwell/gcc-9.2.0/gcc-6.5.0-vgnjfb4guymlhgjq5ckevgz7qpimvci7/lib/gcc/x86_64-pc-linux-gnu/6.5.0/../../../../lib64]
    arg [-L/lib/../lib64] ==> dir [/lib/../lib64]
    arg [-L/usr/lib/../lib64] ==> dir [/usr/lib/../lib64]
    arg [-L/opt/spack/opt/spack/linux-centos8-broadwell/gcc-9.2.0/gcc-6.5.0-vgnjfb4guymlhgjq5ckevgz7qpimvci7/lib64] ==> dir [/opt/spack/opt/spack/linux-centos8-broadwell/gcc-9.2.0/gcc-6.5.0-vgnjfb4guymlhgjq5ckevgz7qpimvci7/lib64]
    arg [-L/opt/spack/opt/spack/linux-centos8-broadwell/gcc-9.2.0/gcc-6.5.0-vgnjfb4guymlhgjq5ckevgz7qpimvci7/lib] ==> dir [/opt/spack/opt/spack/linux-centos8-broadwell/gcc-9.2.0/gcc-6.5.0-vgnjfb4guymlhgjq5ckevgz7qpimvci7/lib]
    arg [-L/opt/spack/opt/spack/linux-centos8-broadwell/gcc-9.2.0/gcc-6.5.0-vgnjfb4guymlhgjq5ckevgz7qpimvci7/lib/gcc/x86_64-pc-linux-gnu/6.5.0/../../..] ==> dir [/opt/spack/opt/spack/linux-centos8-broadwell/gcc-9.2.0/gcc-6.5.0-vgnjfb4guymlhgjq5ckevgz7qpimvci7/lib/gcc/x86_64-pc-linux-gnu/6.5.0/../../..]
    arg [CMakeFiles/cmTC_1071e.dir/CMakeCXXCompilerABI.cpp.o] ==> ignore
    arg [-lstdc++] ==> lib [stdc++]
    arg [-lm] ==> lib [m]
    arg [-lgcc_s] ==> lib [gcc_s]
    arg [-lgcc] ==> lib [gcc]
    arg [-lc] ==> lib [c]
    arg [-lgcc_s] ==> lib [gcc_s]
    arg [-lgcc] ==> lib [gcc]
    arg [/opt/spack/opt/spack/linux-centos8-broadwell/gcc-9.2.0/gcc-6.5.0-vgnjfb4guymlhgjq5ckevgz7qpimvci7/lib/gcc/x86_64-pc-linux-gnu/6.5.0/crtend.o] ==> ignore
    arg [/lib/../lib64/crtn.o] ==> ignore
  collapse library dir [/opt/spack/opt/spack/linux-centos8-broadwell/gcc-9.2.0/gcc-6.5.0-vgnjfb4guymlhgjq5ckevgz7qpimvci7/lib64/../lib64] ==> [/opt/spack/opt/spack/linux-centos8-broadwell/gcc-9.2.0/gcc-6.5.0-vgnjfb4guymlhgjq5ckevgz7qpimvci7/lib64]
  collapse library dir [/opt/spack/opt/spack/linux-centos8-broadwell/gcc-9.2.0/gcc-6.5.0-vgnjfb4guymlhgjq5ckevgz7qpimvci7/lib/../lib64] ==> [/opt/spack/opt/spack/linux-centos8-broadwell/gcc-9.2.0/gcc-6.5.0-vgnjfb4guymlhgjq5ckevgz7qpimvci7/lib64]
  collapse library dir [/opt/spack/opt/spack/linux-centos8-broadwell/gcc-9.2.0/gcc-6.5.0-vgnjfb4guymlhgjq5ckevgz7qpimvci7/lib/gcc/x86_64-pc-linux-gnu/6.5.0] ==> [/opt/spack/opt/spack/linux-centos8-broadwell/gcc-9.2.0/gcc-6.5.0-vgnjfb4guymlhgjq5ckevgz7qpimvci7/lib/gcc/x86_64-pc-linux-gnu/6.5.0]
  collapse library dir [/opt/spack/opt/spack/linux-centos8-broadwell/gcc-9.2.0/gcc-6.5.0-vgnjfb4guymlhgjq5ckevgz7qpimvci7/lib/gcc/x86_64-pc-linux-gnu/6.5.0/../../../../lib64] ==> [/opt/spack/opt/spack/linux-centos8-broadwell/gcc-9.2.0/gcc-6.5.0-vgnjfb4guymlhgjq5ckevgz7qpimvci7/lib64]
  collapse library dir [/lib/../lib64] ==> [/lib64]
  collapse library dir [/usr/lib/../lib64] ==> [/usr/lib64]
  collapse library dir [/opt/spack/opt/spack/linux-centos8-broadwell/gcc-9.2.0/gcc-6.5.0-vgnjfb4guymlhgjq5ckevgz7qpimvci7/lib64] ==> [/opt/spack/opt/spack/linux-centos8-broadwell/gcc-9.2.0/gcc-6.5.0-vgnjfb4guymlhgjq5ckevgz7qpimvci7/lib64]
  collapse library dir [/opt/spack/opt/spack/linux-centos8-broadwell/gcc-9.2.0/gcc-6.5.0-vgnjfb4guymlhgjq5ckevgz7qpimvci7/lib] ==> [/opt/spack/opt/spack/linux-centos8-broadwell/gcc-9.2.0/gcc-6.5.0-vgnjfb4guymlhgjq5ckevgz7qpimvci7/lib]
  collapse library dir [/opt/spack/opt/spack/linux-centos8-broadwell/gcc-9.2.0/gcc-6.5.0-vgnjfb4guymlhgjq5ckevgz7qpimvci7/lib/gcc/x86_64-pc-linux-gnu/6.5.0/../../..] ==> [/opt/spack/opt/spack/linux-centos8-broadwell/gcc-9.2.0/gcc-6.5.0-vgnjfb4guymlhgjq5ckevgz7qpimvci7/lib]
  implicit libs: [stdc++;m;gcc_s;gcc;c;gcc_s;gcc]
  implicit dirs: [/opt/spack/opt/spack/linux-centos8-broadwell/gcc-9.2.0/gcc-6.5.0-vgnjfb4guymlhgjq5ckevgz7qpimvci7/lib64;/opt/spack/opt/spack/linux-centos8-broadwell/gcc-9.2.0/gcc-6.5.0-vgnjfb4guymlhgjq5ckevgz7qpimvci7/lib/gcc/x86_64-pc-linux-gnu/6.5.0;/lib64;/usr/lib64;/opt/spack/opt/spack/linux-centos8-broadwell/gcc-9.2.0/gcc-6.5.0-vgnjfb4guymlhgjq5ckevgz7qpimvci7/lib]
  implicit fwks: []




Detecting CXX [-std=c++1z] compiler features compiled with the following output:
Change Dir: /home/quest/uastar/build/CMakeFiles/CMakeTmp

Run Build Command:"/usr/bin/gmake" "cmTC_89500/fast"
/usr/bin/gmake -f CMakeFiles/cmTC_89500.dir/build.make CMakeFiles/cmTC_89500.dir/build
gmake[1]: Entering directory '/home/quest/uastar/build/CMakeFiles/CMakeTmp'
Building CXX object CMakeFiles/cmTC_89500.dir/feature_tests.cxx.o
/opt/spack/opt/spack/linux-centos8-broadwell/gcc-9.2.0/gcc-6.5.0-vgnjfb4guymlhgjq5ckevgz7qpimvci7/bin/g++    -std=c++1z -o CMakeFiles/cmTC_89500.dir/feature_tests.cxx.o -c /home/quest/uastar/build/CMakeFiles/feature_tests.cxx
Linking CXX executable cmTC_89500
/usr/bin/cmake -E cmake_link_script CMakeFiles/cmTC_89500.dir/link.txt --verbose=1
/opt/spack/opt/spack/linux-centos8-broadwell/gcc-9.2.0/gcc-6.5.0-vgnjfb4guymlhgjq5ckevgz7qpimvci7/bin/g++       -rdynamic CMakeFiles/cmTC_89500.dir/feature_tests.cxx.o  -o cmTC_89500 
gmake[1]: Leaving directory '/home/quest/uastar/build/CMakeFiles/CMakeTmp'


    Feature record: CXX_FEATURE:1cxx_aggregate_default_initializers
    Feature record: CXX_FEATURE:1cxx_alias_templates
    Feature record: CXX_FEATURE:1cxx_alignas
    Feature record: CXX_FEATURE:1cxx_alignof
    Feature record: CXX_FEATURE:1cxx_attributes
    Feature record: CXX_FEATURE:1cxx_attribute_deprecated
    Feature record: CXX_FEATURE:1cxx_auto_type
    Feature record: CXX_FEATURE:1cxx_binary_literals
    Feature record: CXX_FEATURE:1cxx_constexpr
    Feature record: CXX_FEATURE:1cxx_contextual_conversions
    Feature record: CXX_FEATURE:1cxx_decltype
    Feature record: CXX_FEATURE:1cxx_decltype_auto
    Feature record: CXX_FEATURE:1cxx_decltype_incomplete_return_types
    Feature record: CXX_FEATURE:1cxx_default_function_template_args
    Feature record: CXX_FEATURE:1cxx_defaulted_functions
    Feature record: CXX_FEATURE:1cxx_defaulted_move_initializers
    Feature record: CXX_FEATURE:1cxx_delegating_constructors
    Feature record: CXX_FEATURE:1cxx_deleted_functions
    Feature record: CXX_FEATURE:1cxx_digit_separators
    Feature record: CXX_FEATURE:1cxx_enum_forward_declarations
    Feature record: CXX_FEATURE:1cxx_explicit_conversions
    Feature record: CXX_FEATURE:1cxx_extended_friend_declarations
    Feature record: CXX_FEATURE:1cxx_extern_templates
    Feature record: CXX_FEATURE:1cxx_final
    Feature record: CXX_FEATURE:1cxx_func_identifier
    Feature record: CXX_FEATURE:1cxx_generalized_initializers
    Feature record: CXX_FEATURE:1cxx_generic_lambdas
    Feature record: CXX_FEATURE:1cxx_inheriting_constructors
    Feature record: CXX_FEATURE:1cxx_inline_namespaces
    Feature record: CXX_FEATURE:1cxx_lambdas
    Feature record: CXX_FEATURE:1cxx_lambda_init_captures
    Feature record: CXX_FEATURE:1cxx_local_type_template_args
    Feature record: CXX_FEATURE:1cxx_long_long_type
    Feature record: CXX_FEATURE:1cxx_noexcept
    Feature record: CXX_FEATURE:1cxx_nonstatic_member_init
    Feature record: CXX_FEATURE:1cxx_nullptr
    Feature record: CXX_FEATURE:1cxx_override
    Feature record: CXX_FEATURE:1cxx_range_for
    Feature record: CXX_FEATURE:1cxx_raw_string_literals
    Feature record: CXX_FEATURE:1cxx_reference_qualified_functions
    Feature record: CXX_FEATURE:1cxx_relaxed_constexpr
    Feature record: CXX_FEATURE:1cxx_return_type_deduction
    Feature record: CXX_FEATURE:1cxx_right_angle_brackets
    Feature record: CXX_FEATURE:1cxx_rvalue_references
    Feature record: CXX_FEATURE:1cxx_sizeof_member
    Feature record: CXX_FEATURE:1cxx_static_assert
    Feature record: CXX_FEATURE:1cxx_strong_enums
    Feature record: CXX_FEATURE:1cxx_template_template_parameters
    Feature record: CXX_FEATURE:1cxx_thread_local
    Feature record: CXX_FEATURE:1cxx_trailing_return_types
    Feature record: CXX_FEATURE:1cxx_unicode_literals
    Feature record: CXX_FEATURE:1cxx_uniform_initialization
    Feature record: CXX_FEATURE:1cxx_unrestricted_unions
    Feature record: CXX_FEATURE:1cxx_user_literals
    Feature record: CXX_FEATURE:1cxx_variable_templates
    Feature record: CXX_FEATURE:1cxx_variadic_macros
    Feature record: CXX_FEATURE:1cxx_variadic_templates


Detecting CXX [-std=c++14] compiler features compiled with the following output:
Change Dir: /home/quest/uastar/build/CMakeFiles/CMakeTmp

Run Build Command:"/usr/bin/gmake" "cmTC_7f5f5/fast"
/usr/bin/gmake -f CMakeFiles/cmTC_7f5f5.dir/build.make CMakeFiles/cmTC_7f5f5.dir/build
gmake[1]: Entering directory '/home/quest/uastar/build/CMakeFiles/CMakeTmp'
Building CXX object CMakeFiles/cmTC_7f5f5.dir/feature_tests.cxx.o
/opt/spack/opt/spack/linux-centos8-broadwell/gcc-9.2.0/gcc-6.5.0-vgnjfb4guymlhgjq5ckevgz7qpimvci7/bin/g++    -std=c++14 -o CMakeFiles/cmTC_7f5f5.dir/feature_tests.cxx.o -c /home/quest/uastar/build/CMakeFiles/feature_tests.cxx
Linking CXX executable cmTC_7f5f5
/usr/bin/cmake -E cmake_link_script CMakeFiles/cmTC_7f5f5.dir/link.txt --verbose=1
/opt/spack/opt/spack/linux-centos8-broadwell/gcc-9.2.0/gcc-6.5.0-vgnjfb4guymlhgjq5ckevgz7qpimvci7/bin/g++       -rdynamic CMakeFiles/cmTC_7f5f5.dir/feature_tests.cxx.o  -o cmTC_7f5f5 
gmake[1]: Leaving directory '/home/quest/uastar/build/CMakeFiles/CMakeTmp'


    Feature record: CXX_FEATURE:1cxx_aggregate_default_initializers
    Feature record: CXX_FEATURE:1cxx_alias_templates
    Feature record: CXX_FEATURE:1cxx_alignas
    Feature record: CXX_FEATURE:1cxx_alignof
    Feature record: CXX_FEATURE:1cxx_attributes
    Feature record: CXX_FEATURE:1cxx_attribute_deprecated
    Feature record: CXX_FEATURE:1cxx_auto_type
    Feature record: CXX_FEATURE:1cxx_binary_literals
    Feature record: CXX_FEATURE:1cxx_constexpr
    Feature record: CXX_FEATURE:1cxx_contextual_conversions
    Feature record: CXX_FEATURE:1cxx_decltype
    Feature record: CXX_FEATURE:1cxx_decltype_auto
    Feature record: CXX_FEATURE:1cxx_decltype_incomplete_return_types
    Feature record: CXX_FEATURE:1cxx_default_function_template_args
    Feature record: CXX_FEATURE:1cxx_defaulted_functions
    Feature record: CXX_FEATURE:1cxx_defaulted_move_initializers
    Feature record: CXX_FEATURE:1cxx_delegating_constructors
    Feature record: CXX_FEATURE:1cxx_deleted_functions
    Feature record: CXX_FEATURE:1cxx_digit_separators
    Feature record: CXX_FEATURE:1cxx_enum_forward_declarations
    Feature record: CXX_FEATURE:1cxx_explicit_conversions
    Feature record: CXX_FEATURE:1cxx_extended_friend_declarations
    Feature record: CXX_FEATURE:1cxx_extern_templates
    Feature record: CXX_FEATURE:1cxx_final
    Feature record: CXX_FEATURE:1cxx_func_identifier
    Feature record: CXX_FEATURE:1cxx_generalized_initializers
    Feature record: CXX_FEATURE:1cxx_generic_lambdas
    Feature record: CXX_FEATURE:1cxx_inheriting_constructors
    Feature record: CXX_FEATURE:1cxx_inline_namespaces
    Feature record: CXX_FEATURE:1cxx_lambdas
    Feature record: CXX_FEATURE:1cxx_lambda_init_captures
    Feature record: CXX_FEATURE:1cxx_local_type_template_args
    Feature record: CXX_FEATURE:1cxx_long_long_type
    Feature record: CXX_FEATURE:1cxx_noexcept
    Feature record: CXX_FEATURE:1cxx_nonstatic_member_init
    Feature record: CXX_FEATURE:1cxx_nullptr
    Feature record: CXX_FEATURE:1cxx_override
    Feature record: CXX_FEATURE:1cxx_range_for
    Feature record: CXX_FEATURE:1cxx_raw_string_literals
    Feature record: CXX_FEATURE:1cxx_reference_qualified_functions
    Feature record: CXX_FEATURE:1cxx_relaxed_constexpr
    Feature record: CXX_FEATURE:1cxx_return_type_deduction
    Feature record: CXX_FEATURE:1cxx_right_angle_brackets
    Feature record: CXX_FEATURE:1cxx_rvalue_references
    Feature record: CXX_FEATURE:1cxx_sizeof_member
    Feature record: CXX_FEATURE:1cxx_static_assert
    Feature record: CXX_FEATURE:1cxx_strong_enums
    Feature record: CXX_FEATURE:1cxx_template_template_parameters
    Feature record: CXX_FEATURE:1cxx_thread_local
    Feature record: CXX_FEATURE:1cxx_trailing_return_types
    Feature record: CXX_FEATURE:1cxx_unicode_literals
    Feature record: CXX_FEATURE:1cxx_uniform_initialization
    Feature record: CXX_FEATURE:1cxx_unrestricted_unions
    Feature record: CXX_FEATURE:1cxx_user_literals
    Feature record: CXX_FEATURE:1cxx_variable_templates
    Feature record: CXX_FEATURE:1cxx_variadic_macros
    Feature record: CXX_FEATURE:1cxx_variadic_templates


Detecting CXX [-std=c++11] compiler features compiled with the following output:
Change Dir: /home/quest/uastar/build/CMakeFiles/CMakeTmp

Run Build Command:"/usr/bin/gmake" "cmTC_27d85/fast"
/usr/bin/gmake -f CMakeFiles/cmTC_27d85.dir/build.make CMakeFiles/cmTC_27d85.dir/build
gmake[1]: Entering directory '/home/quest/uastar/build/CMakeFiles/CMakeTmp'
Building CXX object CMakeFiles/cmTC_27d85.dir/feature_tests.cxx.o
/opt/spack/opt/spack/linux-centos8-broadwell/gcc-9.2.0/gcc-6.5.0-vgnjfb4guymlhgjq5ckevgz7qpimvci7/bin/g++    -std=c++11 -o CMakeFiles/cmTC_27d85.dir/feature_tests.cxx.o -c /home/quest/uastar/build/CMakeFiles/feature_tests.cxx
Linking CXX executable cmTC_27d85
/usr/bin/cmake -E cmake_link_script CMakeFiles/cmTC_27d85.dir/link.txt --verbose=1
/opt/spack/opt/spack/linux-centos8-broadwell/gcc-9.2.0/gcc-6.5.0-vgnjfb4guymlhgjq5ckevgz7qpimvci7/bin/g++       -rdynamic CMakeFiles/cmTC_27d85.dir/feature_tests.cxx.o  -o cmTC_27d85 
gmake[1]: Leaving directory '/home/quest/uastar/build/CMakeFiles/CMakeTmp'


    Feature record: CXX_FEATURE:0cxx_aggregate_default_initializers
    Feature record: CXX_FEATURE:1cxx_alias_templates
    Feature record: CXX_FEATURE:1cxx_alignas
    Feature record: CXX_FEATURE:1cxx_alignof
    Feature record: CXX_FEATURE:1cxx_attributes
    Feature record: CXX_FEATURE:0cxx_attribute_deprecated
    Feature record: CXX_FEATURE:1cxx_auto_type
    Feature record: CXX_FEATURE:0cxx_binary_literals
    Feature record: CXX_FEATURE:1cxx_constexpr
    Feature record: CXX_FEATURE:0cxx_contextual_conversions
    Feature record: CXX_FEATURE:1cxx_decltype
    Feature record: CXX_FEATURE:0cxx_decltype_auto
    Feature record: CXX_FEATURE:1cxx_decltype_incomplete_return_types
    Feature record: CXX_FEATURE:1cxx_default_function_template_args
    Feature record: CXX_FEATURE:1cxx_defaulted_functions
    Feature record: CXX_FEATURE:1cxx_defaulted_move_initializers
    Feature record: CXX_FEATURE:1cxx_delegating_constructors
    Feature record: CXX_FEATURE:1cxx_deleted_functions
    Feature record: CXX_FEATURE:0cxx_digit_separators
    Feature record: CXX_FEATURE:1cxx_enum_forward_declarations
    Feature record: CXX_FEATURE:1cxx_explicit_conversions
    Feature record: CXX_FEATURE:1cxx_extended_friend_declarations
    Feature record: CXX_FEATURE:1cxx_extern_templates
    Feature record: CXX_FEATURE:1cxx_final
    Feature record: CXX_FEATURE:1cxx_func_identifier
    Feature record: CXX_FEATURE:1cxx_generalized_initializers
    Feature record: CXX_FEATURE:0cxx_generic_lambdas
    Feature record: CXX_FEATURE:1cxx_inheriting_constructors
    Feature record: CXX_FEATURE:1cxx_inline_namespaces
    Feature record: CXX_FEATURE:1cxx_lambdas
    Feature record: CXX_FEATURE:0cxx_lambda_init_captures
    Feature record: CXX_FEATURE:1cxx_local_type_template_args
    Feature record: CXX_FEATURE:1cxx_long_long_type
    Feature record: CXX_FEATURE:1cxx_noexcept
    Feature record: CXX_FEATURE:1cxx_nonstatic_member_init
    Feature record: CXX_FEATURE:1cxx_nullptr
    Feature record: CXX_FEATURE:1cxx_override
    Feature record: CXX_FEATURE:1cxx_range_for
    Feature record: CXX_FEATURE:1cxx_raw_string_literals
    Feature record: CXX_FEATURE:1cxx_reference_qualified_functions
    Feature record: CXX_FEATURE:0cxx_relaxed_constexpr
    Feature record: CXX_FEATURE:0cxx_return_type_deduction
    Feature record: CXX_FEATURE:1cxx_right_angle_brackets
    Feature record: CXX_FEATURE:1cxx_rvalue_references
    Feature record: CXX_FEATURE:1cxx_sizeof_member
    Feature record: CXX_FEATURE:1cxx_static_assert
    Feature record: CXX_FEATURE:1cxx_strong_enums
    Feature record: CXX_FEATURE:1cxx_template_template_parameters
    Feature record: CXX_FEATURE:1cxx_thread_local
    Feature record: CXX_FEATURE:1cxx_trailing_return_types
    Feature record: CXX_FEATURE:1cxx_unicode_literals
    Feature record: CXX_FEATURE:1cxx_uniform_initialization
    Feature record: CXX_FEATURE:1cxx_unrestricted_unions
    Feature record: CXX_FEATURE:1cxx_user_literals
    Feature record: CXX_FEATURE:0cxx_variable_templates
    Feature record: CXX_FEATURE:1cxx_variadic_macros
    Feature record: CXX_FEATURE:1cxx_variadic_templates


Detecting CXX [-std=c++98] compiler features compiled with the following output:
Change Dir: /home/quest/uastar/build/CMakeFiles/CMakeTmp

Run Build Command:"/usr/bin/gmake" "cmTC_380cc/fast"
/usr/bin/gmake -f CMakeFiles/cmTC_380cc.dir/build.make CMakeFiles/cmTC_380cc.dir/build
gmake[1]: Entering directory '/home/quest/uastar/build/CMakeFiles/CMakeTmp'
Building CXX object CMakeFiles/cmTC_380cc.dir/feature_tests.cxx.o
/opt/spack/opt/spack/linux-centos8-broadwell/gcc-9.2.0/gcc-6.5.0-vgnjfb4guymlhgjq5ckevgz7qpimvci7/bin/g++    -std=c++98 -o CMakeFiles/cmTC_380cc.dir/feature_tests.cxx.o -c /home/quest/uastar/build/CMakeFiles/feature_tests.cxx
Linking CXX executable cmTC_380cc
/usr/bin/cmake -E cmake_link_script CMakeFiles/cmTC_380cc.dir/link.txt --verbose=1
/opt/spack/opt/spack/linux-centos8-broadwell/gcc-9.2.0/gcc-6.5.0-vgnjfb4guymlhgjq5ckevgz7qpimvci7/bin/g++       -rdynamic CMakeFiles/cmTC_380cc.dir/feature_tests.cxx.o  -o cmTC_380cc 
gmake[1]: Leaving directory '/home/quest/uastar/build/CMakeFiles/CMakeTmp'


    Feature record: CXX_FEATURE:0cxx_aggregate_default_initializers
    Feature record: CXX_FEATURE:0cxx_alias_templates
    Feature record: CXX_FEATURE:0cxx_alignas
    Feature record: CXX_FEATURE:0cxx_alignof
    Feature record: CXX_FEATURE:0cxx_attributes
    Feature record: CXX_FEATURE:0cxx_attribute_deprecated
    Feature record: CXX_FEATURE:0cxx_auto_type
    Feature record: CXX_FEATURE:0cxx_binary_literals
    Feature record: CXX_FEATURE:0cxx_constexpr
    Feature record: CXX_FEATURE:0cxx_contextual_conversions
    Feature record: CXX_FEATURE:0cxx_decltype
    Feature record: CXX_FEATURE:0cxx_decltype_auto
    Feature record: CXX_FEATURE:0cxx_decltype_incomplete_return_types
    Feature record: CXX_FEATURE:0cxx_default_function_template_args
    Feature record: CXX_FEATURE:0cxx_defaulted_functions
    Feature record: CXX_FEATURE:0cxx_defaulted_move_initializers
    Feature record: CXX_FEATURE:0cxx_delegating_constructors
    Feature record: CXX_FEATURE:0cxx_deleted_functions
    Feature record: CXX_FEATURE:0cxx_digit_separators
    Feature record: CXX_FEATURE:0cxx_enum_forward_declarations
    Feature record: CXX_FEATURE:0cxx_explicit_conversions
    Feature record: CXX_FEATURE:0cxx_extended_friend_declarations
    Feature record: CXX_FEATURE:0cxx_extern_templates
    Feature record: CXX_FEATURE:0cxx_final
    Feature record: CXX_FEATURE:0cxx_func_identifier
    Feature record: CXX_FEATURE:0cxx_generalized_initializers
    Feature record: CXX_FEATURE:0cxx_generic_lambdas
    Feature record: CXX_FEATURE:0cxx_inheriting_constructors
    Feature record: CXX_FEATURE:0cxx_inline_namespaces
    Feature record: CXX_FEATURE:0cxx_lambdas
    Feature record: CXX_FEATURE:0cxx_lambda_init_captures
    Feature record: CXX_FEATURE:0cxx_local_type_template_args
    Feature record: CXX_FEATURE:0cxx_long_long_type
    Feature record: CXX_FEATURE:0cxx_noexcept
    Feature record: CXX_FEATURE:0cxx_nonstatic_member_init
    Feature record: CXX_FEATURE:0cxx_nullptr
    Feature record: CXX_FEATURE:0cxx_override
    Feature record: CXX_FEATURE:0cxx_range_for
    Feature record: CXX_FEATURE:0cxx_raw_string_literals
    Feature record: CXX_FEATURE:0cxx_reference_qualified_functions
    Feature record: CXX_FEATURE:0cxx_relaxed_constexpr
    Feature record: CXX_FEATURE:0cxx_return_type_deduction
    Feature record: CXX_FEATURE:0cxx_right_angle_brackets
    Feature record: CXX_FEATURE:0cxx_rvalue_references
    Feature record: CXX_FEATURE:0cxx_sizeof_member
    Feature record: CXX_FEATURE:0cxx_static_assert
    Feature record: CXX_FEATURE:0cxx_strong_enums
    Feature record: CXX_FEATURE:1cxx_template_template_parameters
    Feature record: CXX_FEATURE:0cxx_thread_local
    Feature record: CXX_FEATURE:0cxx_trailing_return_types
    Feature record: CXX_FEATURE:0cxx_unicode_literals
    Feature record: CXX_FEATURE:0cxx_uniform_initialization
    Feature record: CXX_FEATURE:0cxx_unrestricted_unions
    Feature record: CXX_FEATURE:0cxx_user_literals
    Feature record: CXX_FEATURE:0cxx_variable_templates
    Feature record: CXX_FEATURE:0cxx_variadic_macros
    Feature record: CXX_FEATURE:0cxx_variadic_templates
Determining if the include file pthread.h exists passed with the following output:
Change Dir: /home/quest/uastar/build/CMakeFiles/CMakeTmp

Run Build Command:"/usr/bin/gmake" "cmTC_b10a4/fast"
/usr/bin/gmake -f CMakeFiles/cmTC_b10a4.dir/build.make CMakeFiles/cmTC_b10a4.dir/build
gmake[1]: Entering directory '/home/quest/uastar/build/CMakeFiles/CMakeTmp'
Building C object CMakeFiles/cmTC_b10a4.dir/CheckIncludeFile.c.o
/opt/spack/opt/spack/linux-centos8-broadwell/gcc-9.2.0/gcc-6.5.0-vgnjfb4guymlhgjq5ckevgz7qpimvci7/bin/gcc   -fPIC    -o CMakeFiles/cmTC_b10a4.dir/CheckIncludeFile.c.o   -c /home/quest/uastar/build/CMakeFiles/CMakeTmp/CheckIncludeFile.c
Linking C executable cmTC_b10a4
/usr/bin/cmake -E cmake_link_script CMakeFiles/cmTC_b10a4.dir/link.txt --verbose=1
/opt/spack/opt/spack/linux-centos8-broadwell/gcc-9.2.0/gcc-6.5.0-vgnjfb4guymlhgjq5ckevgz7qpimvci7/bin/gcc -fPIC     -rdynamic CMakeFiles/cmTC_b10a4.dir/CheckIncludeFile.c.o  -o cmTC_b10a4 
gmake[1]: Leaving directory '/home/quest/uastar/build/CMakeFiles/CMakeTmp'


Determining if the function pthread_create exists in the pthread passed with the following output:
Change Dir: /home/quest/uastar/build/CMakeFiles/CMakeTmp

Run Build Command:"/usr/bin/gmake" "cmTC_867d8/fast"
/usr/bin/gmake -f CMakeFiles/cmTC_867d8.dir/build.make CMakeFiles/cmTC_867d8.dir/build
gmake[1]: Entering directory '/home/quest/uastar/build/CMakeFiles/CMakeTmp'
Building C object CMakeFiles/cmTC_867d8.dir/CheckFunctionExists.c.o
/opt/spack/opt/spack/linux-centos8-broadwell/gcc-9.2.0/gcc-6.5.0-vgnjfb4guymlhgjq5ckevgz7qpimvci7/bin/gcc   -fPIC -DCHECK_FUNCTION_EXISTS=pthread_create   -o CMakeFiles/cmTC_867d8.dir/CheckFunctionExists.c.o   -c /usr/share/cmake/Modules/CheckFunctionExists.c
Linking C executable cmTC_867d8
/usr/bin/cmake -E cmake_link_script CMakeFiles/cmTC_867d8.dir/link.txt --verbose=1
/opt/spack/opt/spack/linux-centos8-broadwell/gcc-9.2.0/gcc-6.5.0-vgnjfb4guymlhgjq5ckevgz7qpimvci7/bin/gcc -fPIC -DCHECK_FUNCTION_EXISTS=pthread_create    -rdynamic CMakeFiles/cmTC_867d8.dir/CheckFunctionExists.c.o  -o cmTC_867d8 -lpthread 
gmake[1]: Leaving directory '/home/quest/uastar/build/CMakeFiles/CMakeTmp'


